Processing 525 of 525 total addresses

════════════════════════════════════════════════════════════════════════════════
  BALANCE COMPARISON REPORT
════════════════════════════════════════════════════════════════════════════════

Process ID: Nx-_Ichdp-9uO_ZKg2DLWPiRlg-DWrSa2uGvINxOjaE
Timestamp: 10/20/2025, 6:21:29 PM
Total Addresses: 525

Summary:
  ✓ Matching: 3
  ✗ Mismatching: 522
  Accuracy: 0.57%
  Total Discrepancy: 1000000000000000000000000000

MISMATCHED BALANCES:
────────────────────────────────────────────────────────────────────────────────

[1] Address: ob5pjZgT5pL1oJ9Qk5D3xyzMTy9IVzPO5MPELER36IA
    AO Balance: 145086673228834597
    Hyperbeam Balance: 0
    Difference: 145086673228834597

[2] Address: aiUV1xmT3vgovcXYhnNAsK6xp4H4wjnAFjRlZG-uD1Q
    AO Balance: 41780600871908019578191
    Hyperbeam Balance: 0
    Difference: 41780600871908019578191

[3] Address: L3hhxMhV1V2S_NhhfFzbZBeLJ1GK-usY1dt_OoEnFBs
    AO Balance: 219723431907190423
    Hyperbeam Balance: 0
    Difference: 219723431907190423

[4] Address: ZbbJIHw5aTw_tRk53Ky8bwKrQ3CJvKPv7PtEN1lTCAA
    AO Balance: 602475655043653804347
    Hyperbeam Balance: 0
    Difference: 602475655043653804347

[5] Address: 9zwjAqsavcphsBjhdRhAZSIXwCYSufVgfJYN3WTrvak
    AO Balance: 110724303729870499
    Hyperbeam Balance: 0
    Difference: 110724303729870499

[6] Address: _Z11y7z275DZ9dtIv8HcdZgm1O5SY2lmniBkTSKebic
    AO Balance: 115124124771741434880
    Hyperbeam Balance: 0
    Difference: 115124124771741434880

[7] Address: wMg1QaLFRSolve7aXEl6aA1NlqX2BoJQecwIcu7GDBE
    AO Balance: 2889365304239885505
    Hyperbeam Balance: 0
    Difference: 2889365304239885505

[8] Address: vFjyRe_KLnHXcG4ccc3Om3ykd2QujEKGpFUYMW55wiw
    AO Balance: 19398927030970093531336
    Hyperbeam Balance: 0
    Difference: 19398927030970093531336

[9] Address: eECc1hPLwuAz-Xy-UNpELifAe2THa11rhw17ProI_Fg
    AO Balance: 757104541137784849767206
    Hyperbeam Balance: 0
    Difference: 757104541137784849767206

[10] Address: POTKuGDaSZGjJ__T8tTN4MtGw2pKY5ujq8Fy8ed7Gs4
    AO Balance: 8460569954160624984593
    Hyperbeam Balance: 0
    Difference: 8460569954160624984593

[11] Address: NatJDiw1YKDhYCCBQE3tmEuUUuQHX-qmumcRhdcbeMs
    AO Balance: 339137141639685083519
    Hyperbeam Balance: 0
    Difference: 339137141639685083519

[12] Address: B1BUUDNLi4EA3VhE-tIavFh5UDscL00i8OOCO9LYeCE
    AO Balance: 48526208988863272138
    Hyperbeam Balance: 0
    Difference: 48526208988863272138

[13] Address: 7nrFkEAaGVMhQ2tP_mA4-5uXXVKOkKmpcs-Qa1LJHEY
    AO Balance: 8660101825881523727
    Hyperbeam Balance: 0
    Difference: 8660101825881523727

[14] Address: p_nrJt3Jrky8g9fBF5uU1EH6bft-62S0cTSh2engozs
    AO Balance: 9762458832762113004070
    Hyperbeam Balance: 0
    Difference: 9762458832762113004070

[15] Address: FCz20Gn5CaAx8zQVGEOyI4BsK9IAdgXDI2lmVjavww4
    AO Balance: 1507436475131908689532
    Hyperbeam Balance: 0
    Difference: 1507436475131908689532

[16] Address: O94QpUJ4oZ8gXlAJMV_xcigO9VyD3Kgf_wI7hTo6SGM
    AO Balance: 588767143996952569881
    Hyperbeam Balance: 0
    Difference: 588767143996952569881

[17] Address: 4TVcq7bVj-pnOoyD4UtcZy8A7s7nfU-NOxgSsoQ8XWc
    AO Balance: 1448638981450948762267
    Hyperbeam Balance: 0
    Difference: 1448638981450948762267

[18] Address: iwz41iZMbjxZua-GEdNMI9JFq7s6tXBnTWE3d9X2LX8
    AO Balance: 3429925584637422405481
    Hyperbeam Balance: 0
    Difference: 3429925584637422405481

[19] Address: tGphuPlhxV5ppY_z2pQ_2JaU3-UU_8nVlgMmz7v4zDs
    AO Balance: 258743472813560133864
    Hyperbeam Balance: 0
    Difference: 258743472813560133864

[20] Address: llpFQs81WBNqU5q7PDUnkkyzgMXtCOcqyL1nTvjKngc
    AO Balance: 1603994054861738800
    Hyperbeam Balance: 0
    Difference: 1603994054861738800

[21] Address: jEc--YRvTbVHsTBbr_N4pa9G-UKhJ_nGIgGyg3VXfUU
    AO Balance: 2247240928401890698395
    Hyperbeam Balance: 0
    Difference: 2247240928401890698395

[22] Address: r2wNdUpMUiYTBQJCdUxTQbiifqXaieqdX5v-03KCtBw
    AO Balance: 2887606084535135511
    Hyperbeam Balance: 0
    Difference: 2887606084535135511

[23] Address: BtMhoTD1LcFfb6ygT0tHS9aSZGDu_7awMmL2fWTFOcY
    AO Balance: 187166076772725272205
    Hyperbeam Balance: 0
    Difference: 187166076772725272205

[24] Address: mVf00pUDZnpkCORg6qdNgmTPh8LM_etWC9fdBLQOcKU
    AO Balance: 30876227160208204878
    Hyperbeam Balance: 0
    Difference: 30876227160208204878

[25] Address: h037Kd9sfjYn7KyDvzkdqG5LVhry1dkKMj8aOJDq1F8
    AO Balance: 1328004771764156537595
    Hyperbeam Balance: 0
    Difference: 1328004771764156537595

[26] Address: VHl8C2Aexha4NfjxbkzMN5jzMyi2s0wC_IQGQH_JTMY
    AO Balance: 67043043834131954556
    Hyperbeam Balance: 0
    Difference: 67043043834131954556

[27] Address: atkI1E32mchuz_nl9kgcDntECH0BOuHJ1FBgCvlcH5E
    AO Balance: 1762561590185778984467
    Hyperbeam Balance: 0
    Difference: 1762561590185778984467

[28] Address: CO6EkhjUUJdQjwWQ1iVG-rFtnHCuRvqL2CE1fCOFEL4
    AO Balance: 23366118654735422469812856
    Hyperbeam Balance: 0
    Difference: 23366118654735422469812856

[29] Address: IzjLjOg2OewEA7Aa6qGfc0BVNasEPCzEcG1kY9pDpxM
    AO Balance: 93915292599238548700677
    Hyperbeam Balance: 0
    Difference: 93915292599238548700677

[30] Address: l3kqa6OyTZUwzVLTRYFx2NLALjqjEtHCn5sMEAsNB9I
    AO Balance: 34681803325084093294
    Hyperbeam Balance: 0
    Difference: 34681803325084093294

[31] Address: ttPVWUz7a3XNiYaFoeYyXCt4LHltKOhUQj1tzOEVKXE
    AO Balance: 62157941375542543011202
    Hyperbeam Balance: 0
    Difference: 62157941375542543011202

[32] Address: EhkVW8-6SnOm1UBVI-TJH2Hsmoz9ppv1jQMRaSo2W_g
    AO Balance: 24940199688989387804
    Hyperbeam Balance: 0
    Difference: 24940199688989387804

[33] Address: lgp5Y_3T1ADdA5Na5JmOGV92A7srvM2zgFKPnbTfSqE
    AO Balance: 68718142273628622504
    Hyperbeam Balance: 0
    Difference: 68718142273628622504

[34] Address: iJQXyo1YNr3L5rWCwnzjmsDOWsryOBSKdPZvdx72oN0
    AO Balance: 42188408087803794123
    Hyperbeam Balance: 0
    Difference: 42188408087803794123

[35] Address: flBS223GKLwM0yiJGCk55BA_mdH_1QTLR5VFKejIi7c
    AO Balance: 602568955724724668703
    Hyperbeam Balance: 0
    Difference: 602568955724724668703

[36] Address: 0-wE5IrA2dwdCpelUoAY55ZxrAr0cYfpfGsmE2hDvYE
    AO Balance: 267603605367304134
    Hyperbeam Balance: 0
    Difference: 267603605367304134

[37] Address: 6JBkDWwcdzwe7-8QllMqhYYgLALeVDcUdSb5vK16lG0
    AO Balance: 3100082982949034853318
    Hyperbeam Balance: 0
    Difference: 3100082982949034853318

[38] Address: 37pT8_OeOxbsu51xQVOpFKuGYiJBK3M1DjY0PtsrPS0
    AO Balance: 31828090114952594592
    Hyperbeam Balance: 0
    Difference: 31828090114952594592

[39] Address: iYh6Nc8SnmYd3Dklp6MT8FVg5Oe0StzxH_nXOMwtMpw
    AO Balance: 6884619054264671535
    Hyperbeam Balance: 0
    Difference: 6884619054264671535

[40] Address: RuD34LlNhHO3QzcuKYAxZaLYz77IU1K8YPemKPft1I0
    AO Balance: 185836544455306903
    Hyperbeam Balance: 0
    Difference: 185836544455306903

[41] Address: -RlCrWmyn9OaJ86tsr5qhmFRc0h5ovT5xjKQwySGZy0
    AO Balance: 4269471904943887461
    Hyperbeam Balance: 0
    Difference: 4269471904943887461

[42] Address: DkXtILl8YDioKqWYWKzL8GDWXo5ME4lTqtYAG9l8O1M
    AO Balance: 409063617058233108879
    Hyperbeam Balance: 0
    Difference: 409063617058233108879

[43] Address: kMXS_2eFoyk-kDPjrEsESmkxd3e_FksytUtDyQVZM3o
    AO Balance: 2282180314897333703
    Hyperbeam Balance: 0
    Difference: 2282180314897333703

[44] Address: HSiJ6oAWHB6oYZ3pEOEC-_RnJm3V_oxeqJq8cUqV-5w
    AO Balance: 321977139181907376
    Hyperbeam Balance: 0
    Difference: 321977139181907376

[45] Address: IJoMxZKJlfTFOoBZ2cKqtgQOL_43MbM0TgBlhKL-Qyo
    AO Balance: 1887713718877434106059
    Hyperbeam Balance: 0
    Difference: 1887713718877434106059

[46] Address: zIG-Mc7gUuYPDyXXiL4YFuFcAjmnAdiXUJNSX-Y9wUw
    AO Balance: 11600899517996183
    Hyperbeam Balance: 0
    Difference: 11600899517996183

[47] Address: qD5VLaMYyIHlT6vH59TgYIs6g3EFlVjlPqljo6kqVxk
    AO Balance: 8210727730215369440247
    Hyperbeam Balance: 0
    Difference: 8210727730215369440247

[48] Address: kuf5AUvp3_GpejN9RAD_SxKHLXrdKuqQS_qYDKddil8
    AO Balance: 100138628140301400961490
    Hyperbeam Balance: 0
    Difference: 100138628140301400961490

[49] Address: MHs1BTlZuScyhOES6oB4bLvCsryeZwjKznH96zedcN0
    AO Balance: 912230185519703563
    Hyperbeam Balance: 0
    Difference: 912230185519703563

[50] Address: NbAfnGSRcsj67lSDuKZpYkO0zGkOwZRZ14uX8JjVeag
    AO Balance: 429995628785049
    Hyperbeam Balance: 0
    Difference: 429995628785049

[51] Address: zr72VIx-TLmXD9eXAHvaIe8DU2k6aJXa7H84no7xj6g
    AO Balance: 129976658785125256428330
    Hyperbeam Balance: 0
    Difference: 129976658785125256428330

[52] Address: mLG_t7fD0JYBqbZfapwVmgVHsx0Q_HibXq_uwTDOf8o
    AO Balance: 228434614969697489150
    Hyperbeam Balance: 0
    Difference: 228434614969697489150

[53] Address: cHgcTonCOI5Co8n_PtPFCB4N3iWBgoKwIRMB3VeJ0OM
    AO Balance: 5996566288906666463766
    Hyperbeam Balance: 0
    Difference: 5996566288906666463766

[54] Address: JVoDM9iVZKfbSF7FZL7MpFx_ZSloRLe7p0GG63Y2x7U
    AO Balance: 11601568139526724
    Hyperbeam Balance: 0
    Difference: 11601568139526724

[55] Address: tONbgyKfVHsXxFDX7e4TxRxeCNy70GVCFgd_Pyp0QYE
    AO Balance: 504966058900264699988
    Hyperbeam Balance: 0
    Difference: 504966058900264699988

[56] Address: N90q65iT59dCo01-gtZRUlLMX0w6_ylFHv2uHaSUFNk
    AO Balance: 13515528732159250
    Hyperbeam Balance: 0
    Difference: 13515528732159250

[57] Address: R0yoQKYMH44Ce-FjelOYB16FR6J4Xd44rR2EDDD8HUM
    AO Balance: 697522673284647262344
    Hyperbeam Balance: 0
    Difference: 697522673284647262344

[58] Address: O8ADH_hx7pK6RBX4MxnV6lqQM-vS02U1dcbegUG2fvs
    AO Balance: 262852612004524959
    Hyperbeam Balance: 0
    Difference: 262852612004524959

[59] Address: 8RSLmCWzYPbiwQ0jW_fIl-5gYB2Uf4hmG3bi9yxIbUQ
    AO Balance: 18484541890774526028
    Hyperbeam Balance: 0
    Difference: 18484541890774526028

[60] Address: en1p1KYnISGi1S9SAcqhU0Oa6r9h3Jdn-jdqJ2pW98g
    AO Balance: 1353567540558967325934
    Hyperbeam Balance: 0
    Difference: 1353567540558967325934

[61] Address: 2fWWLryihaILXKDkrR_hGVzidKa0xtB6P-iI6jexSSw
    AO Balance: 10318292285606956815
    Hyperbeam Balance: 0
    Difference: 10318292285606956815

[62] Address: Ts0bC9s0_G78RQxAQ0PPlUyo-B3WAw3PnnX_89MdjI8
    AO Balance: 2233139136963414643
    Hyperbeam Balance: 0
    Difference: 2233139136963414643

[63] Address: KxemOGjcCCyy9PG92imisd-GpkSM_UvzrA7YTnbSqpo
    AO Balance: 1990035722728256998
    Hyperbeam Balance: 0
    Difference: 1990035722728256998

[64] Address: nL1-jP0SJFMZWZ7lsZhyKbyYeOPOR707kPCg5-g7nks
    AO Balance: 12111779777565796908
    Hyperbeam Balance: 0
    Difference: 12111779777565796908

[65] Address: y3-JfAs4xSwhpIFCvX0sIsAtZMHGxtutQ7yP6xuH4AI
    AO Balance: 16787056799218950905
    Hyperbeam Balance: 0
    Difference: 16787056799218950905

[66] Address: -7Hu-GTE3Mt_wz7BUKX9-PVnhCk6d88W6OgPGwP_Gzg
    AO Balance: 142835327982561158553
    Hyperbeam Balance: 0
    Difference: 142835327982561158553

[67] Address: X9CZKCbX_GRxHtnsaa8pCTe-bQRZCIH0aOaIiYBjJg4
    AO Balance: 3255780886357969342
    Hyperbeam Balance: 0
    Difference: 3255780886357969342

[68] Address: lL7Y_YwtR0x-Bptiv93iOdMqYfz_-BJr3FGlrOin8Mo
    AO Balance: 434646899868250048535
    Hyperbeam Balance: 0
    Difference: 434646899868250048535

[69] Address: hx_Pxybv8__GjdvMPPkUq0JEch3w8vmt6UexTCVMky8
    AO Balance: 19630729443640248601
    Hyperbeam Balance: 0
    Difference: 19630729443640248601

[70] Address: DubkiWVLcDc1mpE_xlZpnvmjIDbsbjt2pzuFFr_7gs4
    AO Balance: 4127289313252291190
    Hyperbeam Balance: 0
    Difference: 4127289313252291190

[71] Address: l0lhyWqrzm7Tu-FQEZd4cHN8uP6XTVeLbKHvO243uOg
    AO Balance: 4762553926477886
    Hyperbeam Balance: 0
    Difference: 4762553926477886

[72] Address: ZFbNB_90SHTuGflJp6ENpmHCBZAJ0gEzLRVmejzEgiY
    AO Balance: 438847943813326155
    Hyperbeam Balance: 0
    Difference: 438847943813326155

[73] Address: Cqb2GXPXHiEDdeWCrMD5_2tESW7lovednxZyau6C8g4
    AO Balance: 16075321275105725303
    Hyperbeam Balance: 0
    Difference: 16075321275105725303

[74] Address: jAg0E59exVHxcGA1GSF_rB63n0X09OyzWZ4RlM0n42Y
    AO Balance: 1329663695617192993
    Hyperbeam Balance: 0
    Difference: 1329663695617192993

[75] Address: VBrQJZQ-XCLCF4xWmzcmkXFwHJusqmQdL8W82dkUxhc
    AO Balance: 404984314707534535
    Hyperbeam Balance: 0
    Difference: 404984314707534535

[76] Address: P4s1bcgviLG9bjYn7yrfup-fdLdPrwDSeFNNKmM5qaI
    AO Balance: 1164720473038578464437
    Hyperbeam Balance: 0
    Difference: 1164720473038578464437

[77] Address: 7waR8v4STuwPnTck1zFVkQqJh5K9q9Zik4Y5-5dV7nk
    AO Balance: 3340102525174845598
    Hyperbeam Balance: 0
    Difference: 3340102525174845598

[78] Address: GFOxPOovvuJivDjjNhArl-yIPQUSTLl86JuOWnBnbz8
    AO Balance: 1442668320884452466
    Hyperbeam Balance: 0
    Difference: 1442668320884452466

[79] Address: OS25WaRbszGz4wPtug7C2IY64jNcXvTCbaXfRfgHzjM
    AO Balance: 900160526595422885311
    Hyperbeam Balance: 0
    Difference: 900160526595422885311

[80] Address: SN9coZxaKOojVAhbL6179zhjJ16-mQGwV6PAixoyvds
    AO Balance: 648135282402954
    Hyperbeam Balance: 0
    Difference: 648135282402954

[81] Address: JpFC-V9tMHTRiMyXTvK4ak03yVstYdTqE-l0OHoHjrs
    AO Balance: 819280168842855560
    Hyperbeam Balance: 0
    Difference: 819280168842855560

[82] Address: qdCWtZ6IcLVrYrRc7L5e-rp0W2PQJQKMX4Gt9AtBeMg
    AO Balance: 257055068080117151914
    Hyperbeam Balance: 0
    Difference: 257055068080117151914

[83] Address: IITodXu6f_nc2fafwUwxxZVpzHm9fgDbtnHo2WWlGGA
    AO Balance: 260265600446460772056
    Hyperbeam Balance: 0
    Difference: 260265600446460772056

[84] Address: KizmsN0lQkVIedK7tg8zzKmLpyDc6TjhN67KL1QtEwE
    AO Balance: 464803395261501422015
    Hyperbeam Balance: 0
    Difference: 464803395261501422015

[85] Address: vu3GICa6cX2SJsKCG-1wtUOCtTqRvRetVXSwoD8cykQ
    AO Balance: 992003307872287335745
    Hyperbeam Balance: 0
    Difference: 992003307872287335745

[86] Address: JiXiLwTXFXP0hdfL3gyIV960D4sTC1Bk_KUO1P1-jv4
    AO Balance: 369745038017416460
    Hyperbeam Balance: 0
    Difference: 369745038017416460

[87] Address: PYzmJIe-X5fSbkmwXplrl8jlNc2BjJ2NrXhLU1mT0xs
    AO Balance: 102483456327260970568
    Hyperbeam Balance: 0
    Difference: 102483456327260970568

[88] Address: 5L5tukY1jhtGIFcyve-WzRQXoNTm12G-j41WjqoKTI0
    AO Balance: 2777803287489337265
    Hyperbeam Balance: 0
    Difference: 2777803287489337265

[89] Address: uQsf0eL0x5rgh-Dn835S_iMmqz-SjnFFnlK6aqt54lI
    AO Balance: 1310089246180535414436
    Hyperbeam Balance: 0
    Difference: 1310089246180535414436

[90] Address: IqDBLJtopZSjY7yJEsN1ksKX6Lm4FVE_XeqYn9Ex7us
    AO Balance: 22498792594334778761760
    Hyperbeam Balance: 0
    Difference: 22498792594334778761760

[91] Address: TuD_KLDqt2p26uEsR9E0ylmYRYZ5_6J1mbVVJ03fBJc
    AO Balance: 63920760410084916978
    Hyperbeam Balance: 0
    Difference: 63920760410084916978

[92] Address: nH0c-gDj_Q01Y7NOgJ5SD8RkTpAMLeWCt-O5a6K0Cv0
    AO Balance: 11722655404099211544
    Hyperbeam Balance: 0
    Difference: 11722655404099211544

[93] Address: OxQoZQVQMq4ZkscGkUfLMy1XE0fY6Ljn0Z8EfI4Cn78
    AO Balance: 10506795501746843169
    Hyperbeam Balance: 0
    Difference: 10506795501746843169

[94] Address: KjdFZRz3XfMu2E_3KiDuqW0Ye-K70Kr2gbu8Z4S0Ts4
    AO Balance: 312262082872513361
    Hyperbeam Balance: 0
    Difference: 312262082872513361

[95] Address: PfKJ8nA1d8GR5dCZQS9Etwe2FRFV2r4nVMr4uw9qdwg
    AO Balance: 7286463747478990738
    Hyperbeam Balance: 0
    Difference: 7286463747478990738

[96] Address: kJooyfrW-6HC7f1yoC0mqOaz27-2_pw4dsu6_a3FFZY
    AO Balance: 605158866553539475396
    Hyperbeam Balance: 0
    Difference: 605158866553539475396

[97] Address: 4eeiXwjTGq4LFghv8FPfUhcCFehWHeLmDd7H7z75Ez4
    AO Balance: 14354174045642463605176
    Hyperbeam Balance: 0
    Difference: 14354174045642463605176

[98] Address: 9WNH_kLrTvCgMDO1aSfByQcQpYsOY0Af7uiVfkLZx88
    AO Balance: 3634727549084520601
    Hyperbeam Balance: 0
    Difference: 3634727549084520601

[99] Address: GJzysmyt1JzeN43IEhQC32xk6YAXzeo34JCDJlboqcg
    AO Balance: 672085978605153594714
    Hyperbeam Balance: 0
    Difference: 672085978605153594714

[100] Address: g-uNaJUK5oLDzkWs8bjtNtbmlEDCpUsivPCo9tOAyxQ
    AO Balance: 28427865904569462625
    Hyperbeam Balance: 0
    Difference: 28427865904569462625

[101] Address: oNFCm_yRczxWSwLNgRZa9XKky2qWrfyV3Wyl1ZHiksI
    AO Balance: 311430594314888976335
    Hyperbeam Balance: 0
    Difference: 311430594314888976335

[102] Address: y6_R2vaOwD86Z7EOlz5PzXlWfZqX96ApUOI91o2V3hg
    AO Balance: 47163318490103834882838
    Hyperbeam Balance: 0
    Difference: 47163318490103834882838

[103] Address: _tno4gOpAEG9QwUMuI0wmUfzGYnP92V6BzVvTpW2A9M
    AO Balance: 1548916996127955219538
    Hyperbeam Balance: 0
    Difference: 1548916996127955219538

[104] Address: s6IVOtCIZQaPusbprU-UmEznBwqtS2aLuBfrXJ0tfyQ
    AO Balance: 38590407221113139334
    Hyperbeam Balance: 0
    Difference: 38590407221113139334

[105] Address: BIAbb6OgBERy3LwzS4opYpHLE_5BgHfE6KN79NWF7u0
    AO Balance: 4305744830709132
    Hyperbeam Balance: 0
    Difference: 4305744830709132

[106] Address: kV1PtrrvDkhbiiC4F2UjgdyAX5iU3wOIZLEH7nMYg-U
    AO Balance: 2895822403156189038929
    Hyperbeam Balance: 0
    Difference: 2895822403156189038929

[107] Address: QxFs9Jr0XsetbTQQozDqN7-Ykjq53XBrOkCRau5RsNY
    AO Balance: 307154596438532253241
    Hyperbeam Balance: 0
    Difference: 307154596438532253241

[108] Address: j4BJpBLm9sHyWmm64cB7uM4R_EG9GjLtLi6mq2yfrxk
    AO Balance: 37710713111299095
    Hyperbeam Balance: 0
    Difference: 37710713111299095

[109] Address: ba04kNhanc25QC1-dWuMYrL461UoK9puxAlDyCd3taI
    AO Balance: 5933537137207095108
    Hyperbeam Balance: 0
    Difference: 5933537137207095108

[110] Address: oIsphpGCETOS_d8uGgHH7ZKas5yvqX5rDAFGKw354-A
    AO Balance: 484441857067820568
    Hyperbeam Balance: 0
    Difference: 484441857067820568

[111] Address: 5pPbrA2DaNx2PSOuzSf-8tEW8xRbhum2luXT6LC-J2U
    AO Balance: 251597234801192300024
    Hyperbeam Balance: 0
    Difference: 251597234801192300024

[112] Address: YK08TpsTZevmK29a3mV0muHnUTwyiRHQXxvd6L1P4OE
    AO Balance: 17602694197915853723978
    Hyperbeam Balance: 0
    Difference: 17602694197915853723978

[113] Address: FhubSugVhmko8Vc-uxVK2jgedgiVHEdIM3Vsh_qiAYk
    AO Balance: 1517321539403492
    Hyperbeam Balance: 0
    Difference: 1517321539403492

[114] Address: IRhocI43AbKkeKi3LvPeeSwHFBenJUb5oT8G3OIgD7A
    AO Balance: 12030095717062293999411
    Hyperbeam Balance: 0
    Difference: 12030095717062293999411

[115] Address: lIOsn-IQ9TmlbWt4kU5lFweJS87XzIW74BifO3EoR18
    AO Balance: 585669528683733112269762
    Hyperbeam Balance: 0
    Difference: 585669528683733112269762

[116] Address: jtdY_3ETHxVgKbVMpP7OUWsQzTFQBAUydpdo5eH7zU8
    AO Balance: 723727212911337924248
    Hyperbeam Balance: 0
    Difference: 723727212911337924248

[117] Address: zXYMJ-NXWg_aCBptQILWdCtH0IJhBRG13nSyTuDgqKk
    AO Balance: 322088309556453228579
    Hyperbeam Balance: 0
    Difference: 322088309556453228579

[118] Address: gPhAfBBVsPgcRzcc7AtaW4DYil4iAevmCtjA-B65-C0
    AO Balance: 14560130859152671619
    Hyperbeam Balance: 0
    Difference: 14560130859152671619

[119] Address: uEbunOX6u0aj-i1Lqg9OhuzTE72OQZVmSCm-X74g9YY
    AO Balance: 212467390661010132
    Hyperbeam Balance: 0
    Difference: 212467390661010132

[120] Address: 4sJ7bWw8thEaN4Ez8ClSIBBBZVuwGF9wJfZyKYBRMcA
    AO Balance: 2975578809075806823
    Hyperbeam Balance: 0
    Difference: 2975578809075806823

[121] Address: cFKRQxHokf9IsHVsaQ1clUFAF7uSqA_pcUpYqyFJjvg
    AO Balance: 1645422629663735463234
    Hyperbeam Balance: 0
    Difference: 1645422629663735463234

[122] Address: m2G2dDOjqyBkQ-c_IiwD0lfIvAQQzzI_WKtsOOt-YT0
    AO Balance: 11599791667094712
    Hyperbeam Balance: 0
    Difference: 11599791667094712

[123] Address: WTqFe89p9uw45UwTFidDlvjOwfGzu_DO4Jc3-EjdnQA
    AO Balance: 71962998598821071128
    Hyperbeam Balance: 0
    Difference: 71962998598821071128

[124] Address: z4abYaM3uelSicEouKoD3prH6K6WKaUO3WzCQbifuz0
    AO Balance: 24893513985087995623
    Hyperbeam Balance: 0
    Difference: 24893513985087995623

[125] Address: zbt8eKKIfPbm49Qs_flyxsH_v-WD0Z_TnONCFE_dqXA
    AO Balance: 2252586677802951364
    Hyperbeam Balance: 0
    Difference: 2252586677802951364

[126] Address: -0NOjxpv-9O-aK4JxxSjB-63eK-UgTP-LbVFzzwXjBY
    AO Balance: 138274404967453013786
    Hyperbeam Balance: 0
    Difference: 138274404967453013786

[127] Address: tvviRMaTdf1JrGeL-3zuD7WYb5UgDFVz4Htm982ZpRs
    AO Balance: 3652151651684830836
    Hyperbeam Balance: 0
    Difference: 3652151651684830836

[128] Address: p66AdAW1K0D9DiMoSqEuOcAA5YxuZxV0NMZ6RvRIuvo
    AO Balance: 142115661126310348924
    Hyperbeam Balance: 0
    Difference: 142115661126310348924

[129] Address: OS3sB_Yj11vvOsDrWFyxKiFl_stfspIOjfxI8UU4fp8
    AO Balance: 11999896872545413134204
    Hyperbeam Balance: 0
    Difference: 11999896872545413134204

[130] Address: HHxMwgjjSU3pbJDWiMZf9AeEvqcyogB3jppYpJXucrE
    AO Balance: 170125482848959866425
    Hyperbeam Balance: 0
    Difference: 170125482848959866425

[131] Address: xdeTXwos8zP0dRCoJKurku4fEjxo0XUgFcyXlefOymQ
    AO Balance: 99438000215818476317377
    Hyperbeam Balance: 0
    Difference: 99438000215818476317377

[132] Address: jt19WluLXKr9lcostp_XNmXRmpdxM4VwmXbmyDLoyNM
    AO Balance: 39007635700385700
    Hyperbeam Balance: 0
    Difference: 39007635700385700

[133] Address: p_VjVitLkVNfjZaupBGIcktbijgcUGyYQ-LTUKZ8k8A
    AO Balance: 34973573086520111419
    Hyperbeam Balance: 0
    Difference: 34973573086520111419

[134] Address: VE1lCrDL-TqhuvvUEue9LwZ2CEq0ETiX2Mn_eswKTTQ
    AO Balance: 406272143762408764438
    Hyperbeam Balance: 0
    Difference: 406272143762408764438

[135] Address: wHR0SXUI7vZC2h08LpGQzgPg-Zuecx3t50yxMf2DHK0
    AO Balance: 3204819240817290836
    Hyperbeam Balance: 0
    Difference: 3204819240817290836

[136] Address: S-qAU0kmYCc5ZAIHbN67S4R3_Z7t_StubtPPGz7IAdA
    AO Balance: 1437526200668613111222
    Hyperbeam Balance: 0
    Difference: 1437526200668613111222

[137] Address: fHjUtrV_Oo0M7GKjkg8HoebB8stUEvajxe0p4c34kNg
    AO Balance: 93959760642317929592
    Hyperbeam Balance: 0
    Difference: 93959760642317929592

[138] Address: o5V1bdIoJsoMnzB7HZ15yJPwgW05ytGyCjpkDxNhCAE
    AO Balance: 7952279088932354136007
    Hyperbeam Balance: 0
    Difference: 7952279088932354136007

[139] Address: hOxTd9Sgk7GaiamtsFVn91Ptag40wuQnRtnt5x-xQTk
    AO Balance: 1242032713767004059
    Hyperbeam Balance: 0
    Difference: 1242032713767004059

[140] Address: 2TSmudsrOeYnbH_nEzE6gV8skbPVmBSxPtpZNTm0ycU
    AO Balance: 8388939442335968016
    Hyperbeam Balance: 0
    Difference: 8388939442335968016

[141] Address: AdT2K__IjKmM56sFd-8yu4vhKbebDrI6WDo5UdxZxdI
    AO Balance: 17387429923662066283
    Hyperbeam Balance: 0
    Difference: 17387429923662066283

[142] Address: fv55CimR6QLB-2cnijcw9fWbdIJyHfs4FiUjCIollTo
    AO Balance: 15730241280666261619945
    Hyperbeam Balance: 0
    Difference: 15730241280666261619945

[143] Address: 3S1rNBrXSx2D0ZDjzlHr2qtNhj5iLdDGrwBYhsiD4rU
    AO Balance: 2078100314579030499739
    Hyperbeam Balance: 0
    Difference: 2078100314579030499739

[144] Address: LxN4ytMoTv5WkOdIN1HUgG24s3XqsY6chL5Ywl_ZSuY
    AO Balance: 1809128786855532454
    Hyperbeam Balance: 0
    Difference: 1809128786855532454

[145] Address: XutPq2-iCYvGr9c3To17YZg1l75a59I7azXNs9IF6gM
    AO Balance: 1102382551296348243779582
    Hyperbeam Balance: 0
    Difference: 1102382551296348243779582

[146] Address: rg0CeHXiZGMJHF44KmADhaoJD8UsBBpAGRWzeZ2JBPE
    AO Balance: 36695426176082247010743
    Hyperbeam Balance: 0
    Difference: 36695426176082247010743

[147] Address: cUn3dGZEgkUAm_9uqEYPMKl09j24E3LQLjvZL5h0ZJA
    AO Balance: 3095911803374914072204
    Hyperbeam Balance: 0
    Difference: 3095911803374914072204

[148] Address: zs07obDEA3F2KwY5AvI2hAYXS_AXNfjd22s9pIGcBgE
    AO Balance: 490821586588709523
    Hyperbeam Balance: 0
    Difference: 490821586588709523

[149] Address: aeCoT9AtnlJJFMZKDH4RT3lk_K30Y_h5UHVAbfFLYR8
    AO Balance: 1965941416061838436712
    Hyperbeam Balance: 0
    Difference: 1965941416061838436712

[150] Address: im4A-moM4DbOZEhrOabxEeqnZExXoIncARhXJoLVnVQ
    AO Balance: 44579963166813095896
    Hyperbeam Balance: 0
    Difference: 44579963166813095896

[151] Address: LjFZGDae9yM-yOj0Ei7ex0xy3Zdrbn8jo-7ZqVLT19E
    AO Balance: 500000009659631743422158531
    Hyperbeam Balance: 0
    Difference: 500000009659631743422158531

[152] Address: mJq31esxNBjn1QtxNc_NlL1lcWcr0523C8x87d3DrXk
    AO Balance: 56046391789111409534736
    Hyperbeam Balance: 0
    Difference: 56046391789111409534736

[153] Address: dLU4qCQZU7h_xEVjLQzTXqAatng0ULCfiQCTPG_SV8Q
    AO Balance: 58603873191250154568
    Hyperbeam Balance: 0
    Difference: 58603873191250154568

[154] Address: ZKmtEyGDLqJ4UAQOT3gf_7M8-QeVTsBkIK-wWaHbG3A
    AO Balance: 34749026998473912
    Hyperbeam Balance: 0
    Difference: 34749026998473912

[155] Address: aYeOazhPNeiLm2Fv-uYGKfvP549n1vKVOqj9km5Bqtk
    AO Balance: 11612075459130803
    Hyperbeam Balance: 0
    Difference: 11612075459130803

[156] Address: PNFfEdCsgSNb7GZvyKkb4Jo0Wfg7wFUEBqymz787Z7A
    AO Balance: 5122159384317757732
    Hyperbeam Balance: 0
    Difference: 5122159384317757732

[157] Address: P6i7xXWuZtuKJVJYNwEqduj0s8R_G4wZJ38TB5Knpy4
    AO Balance: 3727370733032608126
    Hyperbeam Balance: 0
    Difference: 3727370733032608126

[158] Address: xtl8fzf8DRNkJOkm6vqfRKrCGuxm6nyoANDoY-XGmog
    AO Balance: 370849455038242299
    Hyperbeam Balance: 0
    Difference: 370849455038242299

[159] Address: duglPzqdbR-utct6Fsz2fOzfpEKxT1obAPMAW2tKzts
    AO Balance: 25734687952542991286
    Hyperbeam Balance: 0
    Difference: 25734687952542991286

[160] Address: _P3zFmkbbM_pR_did-3PA6fRRfdOrq2SPe6wMYpog8Q
    AO Balance: 505803048546690504
    Hyperbeam Balance: 0
    Difference: 505803048546690504

[161] Address: Vzu7iFF_md9gVZLbfM5m3JeDoryFFtkiIlQRfifbNwY
    AO Balance: 6848522596878142134
    Hyperbeam Balance: 0
    Difference: 6848522596878142134

[162] Address: HYMAgYx140_xJBlhMMc-bRfl6eayFMCkq4y78bbl4AI
    AO Balance: 34409017475546695065
    Hyperbeam Balance: 0
    Difference: 34409017475546695065

[163] Address: 0dgkzvTwE1163jvVsMRdp3cuV9vzPh0_CgyGuOeydtw
    AO Balance: 517186169316410790645
    Hyperbeam Balance: 0
    Difference: 517186169316410790645

[164] Address: BZ7FMkVwrespCVmY1hbFGNsIbxIoxA-AmmUvOslElr4
    AO Balance: 123821368309796566159
    Hyperbeam Balance: 0
    Difference: 123821368309796566159

[165] Address: oMMTaZaWHgqQHPIFUmurHt3cyIpl6WmXbUY0RubSodE
    AO Balance: 327025157475428343616
    Hyperbeam Balance: 0
    Difference: 327025157475428343616

[166] Address: nHWm6_tsXYTFC6yvnHt44dSIeww6b00dKp4p3XmaJ8E
    AO Balance: 2740672638494437755375
    Hyperbeam Balance: 0
    Difference: 2740672638494437755375

[167] Address: TOESM_m9Sq9AS4bNrJiMSSI5_Ez4kqv1yudN4IL1eEQ
    AO Balance: 772927440521840436381
    Hyperbeam Balance: 0
    Difference: 772927440521840436381

[168] Address: aSwsIi86DTU03KdVVEShttEKTJk9SFCF0HBfxbiy188
    AO Balance: 533561084974728524579
    Hyperbeam Balance: 0
    Difference: 533561084974728524579

[169] Address: 5npa5PxFUjjWjPURf448B_dx23F1GV-JYK-SxA4cdKs
    AO Balance: 259681444611120628
    Hyperbeam Balance: 0
    Difference: 259681444611120628

[170] Address: rmxayL2ygNEnAvR8x5Vx0fX7QUFOrj3ERczkGGW_2qY
    AO Balance: 870498150638703143
    Hyperbeam Balance: 0
    Difference: 870498150638703143

[171] Address: SbaNpMvTBqPAEnDMnwcMwMkR2LpsXyAOQVaXF9nhIIU
    AO Balance: 898410982620505106
    Hyperbeam Balance: 0
    Difference: 898410982620505106

[172] Address: E_pOZW6MDRtcTraQlIEM0p4l_AedIadAO9j-RzuPol8
    AO Balance: 559480433593266801
    Hyperbeam Balance: 0
    Difference: 559480433593266801

[173] Address: Kr61Ud0i3R08vgJaq9pYLw-gWdrgB-aC8dGd4uW1rug
    AO Balance: 1285850547122823821
    Hyperbeam Balance: 0
    Difference: 1285850547122823821

[174] Address: oNEjkngZVpa1UJjDT2s9eTKyAKW0Y-DP0nXrLuZCEa8
    AO Balance: 179174831064471833
    Hyperbeam Balance: 0
    Difference: 179174831064471833

[175] Address: 59KjEzOT4NXwMCL1Aq3lvOFwzDAi8qmM3NJreZ7EzPU
    AO Balance: 149392768941507112475
    Hyperbeam Balance: 0
    Difference: 149392768941507112475

[176] Address: L2KkFIMpxzkdi8kxIxIIdtSXkOQs619R0inbXdEuZJc
    AO Balance: 3006781998140513585
    Hyperbeam Balance: 0
    Difference: 3006781998140513585

[177] Address: WNtWM-CbP4p4__4KmnVrw_k7xUcT35kuVxuXu8BMvx4
    AO Balance: 161652758437951900
    Hyperbeam Balance: 0
    Difference: 161652758437951900

[178] Address: b9N_068eiQpGatQ_auui2Aaw_Qt82dEdqn70sAqgGCU
    AO Balance: 41777098656882028720
    Hyperbeam Balance: 0
    Difference: 41777098656882028720

[179] Address: eVmmxJLrm-E5INPGyWVy3PyfP2-aBZpw_1qsM6wTTA8
    AO Balance: 11600799431110092
    Hyperbeam Balance: 0
    Difference: 11600799431110092

[180] Address: aNpf5G8qhmyVMQLvOc9H15XRTz4gAwZueUjtXhG15X4
    AO Balance: 169682831720081205
    Hyperbeam Balance: 0
    Difference: 169682831720081205

[181] Address: Q_3oLeZSGUm7PYdNuKpmyZXtFIXz85x9hzJ1hiyhoTc
    AO Balance: 7892801398966071547908
    Hyperbeam Balance: 0
    Difference: 7892801398966071547908

[182] Address: AKk38G0YfJILtqzX6BDhMjkR-mlRUQgyxLwiyvpiZog
    AO Balance: 136602833207351022167332
    Hyperbeam Balance: 0
    Difference: 136602833207351022167332

[183] Address: s7hRSEN52k8BYDeTqXMNSeWGNatRFU2p7Z7f-JZ4z8c
    AO Balance: 30421701921946716808542
    Hyperbeam Balance: 0
    Difference: 30421701921946716808542

[184] Address: c7v_Gzwa9dbS59ySUgEdxBOe3oNHMKQlMsA5FPntE_M
    AO Balance: 91313737514808896315
    Hyperbeam Balance: 0
    Difference: 91313737514808896315

[185] Address: SrCGhvf57jRZQ8aBCLo2-bPEOtcbGb8eKTEagW7cyNo
    AO Balance: 6964340089838277377
    Hyperbeam Balance: 0
    Difference: 6964340089838277377

[186] Address: S7AhsGE5O_-AF9en31yPmc88D55GUU3U05DoEXNQSe4
    AO Balance: 11601014347485882
    Hyperbeam Balance: 0
    Difference: 11601014347485882

[187] Address: jAhcw1tExequ21936DSZ4hSbm1348FH2q8aEOin3tn4
    AO Balance: 15814209289464693
    Hyperbeam Balance: 0
    Difference: 15814209289464693

[188] Address: mwrLqFkY-_osg35noAa2m_wHf4WCRs1hadR-3JaOFz0
    AO Balance: 44207031937843971973
    Hyperbeam Balance: 0
    Difference: 44207031937843971973

[189] Address: cSK1Zw9JmKJX_gpbh93RiLUhAfGzhesMLpdH8LBL96Y
    AO Balance: 4352341229928962384
    Hyperbeam Balance: 0
    Difference: 4352341229928962384

[190] Address: cvNP9VZudI3ZvGX469NkbeVgaKDj9pGND8WSFiGnUnw
    AO Balance: 423410242245912393
    Hyperbeam Balance: 0
    Difference: 423410242245912393

[191] Address: OJIDD3EwBQ62vr0hVPRBiZSbPx-kD3blI_txERx342I
    AO Balance: 65172951119144244898
    Hyperbeam Balance: 0
    Difference: 65172951119144244898

[192] Address: eNSUT_JT0yQgrC6TP4k2IlkO-krjIKzAUgxVPZ58fFI
    AO Balance: 208423942813011271
    Hyperbeam Balance: 0
    Difference: 208423942813011271

[193] Address: 2svMhaB5N25ufZJus1sWAyHhzPzQ42_T1t_4ys5Ihvg
    AO Balance: 551346362097040628459
    Hyperbeam Balance: 0
    Difference: 551346362097040628459

[194] Address: vDwR7buFAcTcdfqBQ2MTyvGObPEyIguiXSsrYxcXFwA
    AO Balance: 9175544262029872498
    Hyperbeam Balance: 0
    Difference: 9175544262029872498

[195] Address: enMTr4rGpzcmno1W4RgihNfa2haOIuJoRD6OxSEvdH8
    AO Balance: 1174573649998714881571508
    Hyperbeam Balance: 0
    Difference: 1174573649998714881571508

[196] Address: XLj4Exu2WZcmBEUDRfHiAKspRWczJfE2kCEHN8eJiJQ
    AO Balance: 75919977363868255
    Hyperbeam Balance: 0
    Difference: 75919977363868255

[197] Address: _hpY6pucz2xXzZoonlva1lUJxCzqY7dRE_2Ku-0kuuQ
    AO Balance: 67199953358157082408
    Hyperbeam Balance: 0
    Difference: 67199953358157082408

[198] Address: wAqZXBMmvy6lD0oV6BUFAsFOngqXA6cipG_DDCmfqPA
    AO Balance: 260831799300458459439
    Hyperbeam Balance: 0
    Difference: 260831799300458459439

[199] Address: pqD3vixoI7o3DfbLZaFpTaXQbhllHtIaDg4fqHnqzMQ
    AO Balance: 127060292670874043
    Hyperbeam Balance: 0
    Difference: 127060292670874043

[200] Address: J9NmXX4GKkYPFo_0z37KROTwUWPhOnxpeakX6-rmAxY
    AO Balance: 4463824516818774223
    Hyperbeam Balance: 0
    Difference: 4463824516818774223

[201] Address: cG-96dR6gMoKiw9Cg-0h5lDc9Drtk9X2La1OdEl7Zv0
    AO Balance: 11602258521200856
    Hyperbeam Balance: 0
    Difference: 11602258521200856

[202] Address: tLnS2z4en_EoivCBZCkoClLsrFsULBp0gEgWgLUTSH0
    AO Balance: 3268767194186757454
    Hyperbeam Balance: 0
    Difference: 3268767194186757454

[203] Address: cDqsN8v-OuvU8h84BKQZzXGNHQjUfk6cjAWq6UIRM4w
    AO Balance: 2494369169577546672359
    Hyperbeam Balance: 0
    Difference: 2494369169577546672359

[204] Address: LeL57Lkx1bKzwmiiFvkVDtkTQ5Wh9d5xyQICj4cSajk
    AO Balance: 156767855332463492
    Hyperbeam Balance: 0
    Difference: 156767855332463492

[205] Address: VJGwcCeb6J8hdLZlArkJEUfid6tdp74Ra6L0OIR-qSQ
    AO Balance: 1803744351591597301500
    Hyperbeam Balance: 0
    Difference: 1803744351591597301500

[206] Address: zIRS8YicKqfo3PkV7Vv_MyIgWYmOdzgF4CLdc9uLW3s
    AO Balance: 1359584045383318037
    Hyperbeam Balance: 0
    Difference: 1359584045383318037

[207] Address: 45OBSIK2zsHLaw1Wr2nGtPD58mva5lJpnrjRFVub-ME
    AO Balance: 35950628955710493490
    Hyperbeam Balance: 0
    Difference: 35950628955710493490

[208] Address: Mm8TaXW6Xixpgo0pnyt4jl5k_tpWtV2A6jaiTKeMDyM
    AO Balance: 384548944199226449
    Hyperbeam Balance: 0
    Difference: 384548944199226449

[209] Address: zHHjdfpelc333uvmMNmpGfgyAzwBo2S21Eb-vNnznIE
    AO Balance: 2322807608857215237905
    Hyperbeam Balance: 0
    Difference: 2322807608857215237905

[210] Address: -pSkpFxM8EF-jmYgeIRn1JZc-ZJW4lB6yZEKBgMQVak
    AO Balance: 32867088955409559465858
    Hyperbeam Balance: 0
    Difference: 32867088955409559465858

[211] Address: OCXQZlv7eUx6F1BmEy57rCJQb8NvaYrD-lZQzwO4oIk
    AO Balance: 401954839217908206417
    Hyperbeam Balance: 0
    Difference: 401954839217908206417

[212] Address: cnNb_rx7g2DKDuw9LmiJXs5zgvTgGRrKNVsjv-329eI
    AO Balance: 20035861999791404650
    Hyperbeam Balance: 0
    Difference: 20035861999791404650

[213] Address: 7PfPNtZFvltZgLwhjG59DhV5meTlUBpp9MoJyY63wS4
    AO Balance: 595124555164484706656
    Hyperbeam Balance: 0
    Difference: 595124555164484706656

[214] Address: jELdSyS59J00bJEBr37cQBBJIp4Y5CCjIXJE12I0L0k
    AO Balance: 475382235768354305349
    Hyperbeam Balance: 0
    Difference: 475382235768354305349

[215] Address: Hv_lAPxsnLAeL7579C0lHfVPrXa7viuJsOz6_p2Q0So
    AO Balance: 329038249959173231
    Hyperbeam Balance: 0
    Difference: 329038249959173231

[216] Address: Imd9bsYMtrr3oinRvM2hqUfuzMtaZCiT0qAf08lujfI
    AO Balance: 8624935362398951088
    Hyperbeam Balance: 0
    Difference: 8624935362398951088

[217] Address: wRIfwYFpU1XFH1Cl2IzgOzHiACRQncXyqSnr9P0FTRY
    AO Balance: 6073550363656665923355
    Hyperbeam Balance: 0
    Difference: 6073550363656665923355

[218] Address: zkIyCM-8XZRDel0m_RCsO6qj6dSnSoVTGIuj8Tlht-0
    AO Balance: 1678625032252191171918
    Hyperbeam Balance: 0
    Difference: 1678625032252191171918

[219] Address: jVkr55dzNnsjz_hmj0TFvUcG08a5qBqWi28pa_hAwNc
    AO Balance: 2177592726519425149
    Hyperbeam Balance: 0
    Difference: 2177592726519425149

[220] Address: 38iJEUzuvOJjkv7KcgNfWP39PIUohpAMkO6jlKhtVho
    AO Balance: 1252632118271376021012
    Hyperbeam Balance: 0
    Difference: 1252632118271376021012

[221] Address: A_nS8Da8uIK6RlC2UkZik2xQ83Lt1jMGin-SCQvoMI4
    AO Balance: 12232838479291457131
    Hyperbeam Balance: 0
    Difference: 12232838479291457131

[222] Address: jfp9joBQomMHzed8s3JnPCcZ-IvNAb5dQt5kJEPS-8g
    AO Balance: 49911100459858665934784
    Hyperbeam Balance: 0
    Difference: 49911100459858665934784

[223] Address: IHuck2svnxr6cB57brF5QG74E_BS3ezggMwhXRLAwqU
    AO Balance: 4413981261625431443484
    Hyperbeam Balance: 0
    Difference: 4413981261625431443484

[224] Address: HVdOgcjqwnGLs0qI47cLs0-4vW9G1jBdKRkfJzkTMQk
    AO Balance: 2882509927037084349
    Hyperbeam Balance: 0
    Difference: 2882509927037084349

[225] Address: MVP42uMYkF-kK2Nxd3PF13NKMp-G8cpNa454ORJg5us
    AO Balance: 1568389374748397753986
    Hyperbeam Balance: 0
    Difference: 1568389374748397753986

[226] Address: WRWp0y82bgF5Jl0PawkbIoE4Z3JsXQaXlrTF2QZ57qQ
    AO Balance: 375577693383866
    Hyperbeam Balance: 0
    Difference: 375577693383866

[227] Address: jbU5eXKTT-fCthN4ZE-MXrttMbzyM4Zokj_hni-mxAE
    AO Balance: 577887307469263236367532
    Hyperbeam Balance: 0
    Difference: 577887307469263236367532

[228] Address: guPxrwp3DsHDn0JjwI5CmE8q5SJO_jkz5SUvJs4lERU
    AO Balance: 18102152800293510327812
    Hyperbeam Balance: 0
    Difference: 18102152800293510327812

[229] Address: rudyplhjzZ_xDt0heaQIx0tLYtqRdu9flijMhzuffIA
    AO Balance: 23200214189767786
    Hyperbeam Balance: 0
    Difference: 23200214189767786

[230] Address: lpJ5Edz_8DbNnVDL0XdbsY9vCOs45NACzfI4jvo4Ba8
    AO Balance: 295326032787793179
    Hyperbeam Balance: 0
    Difference: 295326032787793179

[231] Address: LcbYiIdyxaVNZ8g-ZWBpGLatm8vf-6qMajrKJ5CjfO0
    AO Balance: 13134681169492557894639
    Hyperbeam Balance: 0
    Difference: 13134681169492557894639

[232] Address: pQ9VXLyO2EDbrcT1MfcFuvRIqbE843V4Q0NilSINobg
    AO Balance: 565536884917084863
    Hyperbeam Balance: 0
    Difference: 565536884917084863

[233] Address: DMyJZy6_C9a-HCfX0A1uogh92VBV1CjUwifXr7NaGsY
    AO Balance: 38035887408574437196
    Hyperbeam Balance: 0
    Difference: 38035887408574437196

[234] Address: S2OielTgxVoIA58X-caO93eND1ya2dbf9B-P1stuArc
    AO Balance: 1193288677223031536
    Hyperbeam Balance: 0
    Difference: 1193288677223031536

[235] Address: iszxyhUfKvg16_WeRWRa4TvoXnv5uaIbEYN0tlV31s4
    AO Balance: 608775263630605284231
    Hyperbeam Balance: 0
    Difference: 608775263630605284231

[236] Address: cF_lbISd3S2V9Q5SwzX0CCX-5qEPBwHnuxneVRj3Idw
    AO Balance: 9689596398210451525
    Hyperbeam Balance: 0
    Difference: 9689596398210451525

[237] Address: aGCyFKFQcGJ8SqWBYedla860XS9WunG984xmCj87ebc
    AO Balance: 521250187972908929578
    Hyperbeam Balance: 0
    Difference: 521250187972908929578

[238] Address: wUU3PychWiVU1MBbNlnvXJGhJPMn-ZV-eHF0E9PEvVE
    AO Balance: 827865237262141155896
    Hyperbeam Balance: 0
    Difference: 827865237262141155896

[239] Address: h9FxFc4Fkp0_syipnvpnHKyGTLRZ3r7tUPcdhYGuUAI
    AO Balance: 1829991025702739193724
    Hyperbeam Balance: 0
    Difference: 1829991025702739193724

[240] Address: ChByN_K2g909PvJiWGYsBlpzypmhffY3VmodewgyJzg
    AO Balance: 586735478087908391529
    Hyperbeam Balance: 0
    Difference: 586735478087908391529

[241] Address: shUfg1ovwx0J-5y6A4HUOWJ485XHBZXoLe4vS2iOurU
    AO Balance: 174641772792047647
    Hyperbeam Balance: 0
    Difference: 174641772792047647

[242] Address: 23dGriqP5nzkOUZFykYd0NJjNiYmoQhPW3MqgZtPeMU
    AO Balance: 3641158272504896030317
    Hyperbeam Balance: 0
    Difference: 3641158272504896030317

[243] Address: ZaBXNatnUWSiBcMJUas0QMrMXmJ-UWfQGBZoODIC74g
    AO Balance: 1275210608362008973
    Hyperbeam Balance: 0
    Difference: 1275210608362008973

[244] Address: BljAnlMiaKttBUK5vx53BXPcq7Xgk4yAwFup-Gj4mH4
    AO Balance: 37663163260163274976
    Hyperbeam Balance: 0
    Difference: 37663163260163274976

[245] Address: 0kkYwC1S9H-5kwzK3OhQljMvKOSG2BeYyXZC0tL93zs
    AO Balance: 451291133934962009
    Hyperbeam Balance: 0
    Difference: 451291133934962009

[246] Address: VVAxPFo5xlwYIvgZShv2FcdoNypnmgMqlaDV0LHC9_c
    AO Balance: 1046191475360522005718911
    Hyperbeam Balance: 0
    Difference: 1046191475360522005718911

[247] Address: mh9LFyTZUd8CAu-apOIigeNg1Jg_qYQe33S7pvuvKa8
    AO Balance: 1173955280995234492030
    Hyperbeam Balance: 0
    Difference: 1173955280995234492030

[248] Address: uzj80ONFtUvKrO27p4U8-b-GF-3KMqe5oLSAhyuQsic
    AO Balance: 4149397938751988446473
    Hyperbeam Balance: 0
    Difference: 4149397938751988446473

[249] Address: 7q06HOfszhM1Rl2ozO3G5pUz206CHPijmQycXERBKJo
    AO Balance: 3384398241563569142959
    Hyperbeam Balance: 0
    Difference: 3384398241563569142959

[250] Address: VpQbuBvi3_PDMH0-_bYnP69cqgC8gwJEwCCHrejHDTE
    AO Balance: 196394575676870016693
    Hyperbeam Balance: 0
    Difference: 196394575676870016693

[251] Address: HF1lvOEkrOz-caVVb9ZiPD5v5G3NGfbhV5QM4dmEEF8
    AO Balance: 25111001991016627
    Hyperbeam Balance: 0
    Difference: 25111001991016627

[252] Address: _izWq_r55uJyHnWi-GZJUnU6BZBf3UHBnwWt26ReLzM
    AO Balance: 12071641556363109421135
    Hyperbeam Balance: 0
    Difference: 12071641556363109421135

[253] Address: wVSi8qTizWAMrSe1aSiEdcGZSd3zKNVR5WFpKjEY6bQ
    AO Balance: 52855756545556200
    Hyperbeam Balance: 0
    Difference: 52855756545556200

[254] Address: to2r4qzI2B5JGGTtFHunyoBbLpG0Ql0YvzlGScvnG5Q
    AO Balance: 22106747434825521933178
    Hyperbeam Balance: 0
    Difference: 22106747434825521933178

[255] Address: uSBIry1jks5QEJ01elQivN5HYY92K0AvvHMZVRX3PfE
    AO Balance: 2325124542290162887060
    Hyperbeam Balance: 0
    Difference: 2325124542290162887060

[256] Address: 26kvcqazfSC01AcUZVUfavZgJfNjSUdbk82i79dN354
    AO Balance: 25001506400173749821
    Hyperbeam Balance: 0
    Difference: 25001506400173749821

[257] Address: 1W1QS1Fe2lEl5mW-SctEU-nUeEdwPmmSqXBVB7Tp8U4
    AO Balance: 197341624372985740785
    Hyperbeam Balance: 0
    Difference: 197341624372985740785

[258] Address: 5glNksg7gRpA0JIXXvCBjlx6U2RHpMG73Msfftke2lY
    AO Balance: 39954158585998571
    Hyperbeam Balance: 0
    Difference: 39954158585998571

[259] Address: o3nWvws6ePPXKfr7i0XnJRvR5DxMxXqatHD4VUuGHqY
    AO Balance: 47257795140905776421
    Hyperbeam Balance: 0
    Difference: 47257795140905776421

[260] Address: c06k1P0m2wV5lC36lITewAgkIZZ6RsNEIDWETOVVGUA
    AO Balance: 9390854956509886826950
    Hyperbeam Balance: 0
    Difference: 9390854956509886826950

[261] Address: m4gn3jt5cw41phaS9NgB9cC5OaEixkDAhvQl_-rVZKo
    AO Balance: 122021563455176722435
    Hyperbeam Balance: 0
    Difference: 122021563455176722435

[262] Address: sMO53ceTew2Ozu5C3HuTqJvD-SiXYso5lprV9zZgdjM
    AO Balance: 304390903890135909471
    Hyperbeam Balance: 0
    Difference: 304390903890135909471

[263] Address: PTS1FCSzbNBBIknIytKI7EiSUpdkN9V3fZ5ICbBTUas
    AO Balance: 108026565170757481
    Hyperbeam Balance: 0
    Difference: 108026565170757481

[264] Address: Zwh1vYmwfbESP9-rXVXiNS8Ix0MEsUw5GSiObwkVEDE
    AO Balance: 155919038199792746
    Hyperbeam Balance: 0
    Difference: 155919038199792746

[265] Address: U_6bCOStq4FQYIoPnxdI4WNgOMUqGBZ6qX82QWIQ-xk
    AO Balance: 174574376885695645
    Hyperbeam Balance: 0
    Difference: 174574376885695645

[266] Address: Ymk0nbjDyBfV2pgrQixmElvLtF2Xe49RYbE2gLJiHlU
    AO Balance: 15775163627010244496069
    Hyperbeam Balance: 0
    Difference: 15775163627010244496069

[267] Address: _vGQhGYMp6KKIrPFNhW25Wk5WNO83gCVD-MVQQN442Y
    AO Balance: 2182797617177607592655
    Hyperbeam Balance: 0
    Difference: 2182797617177607592655

[268] Address: fgj5m9iYCCIG5QMDqNQxx7LYlY5jKgAyzXM4w_0UlNQ
    AO Balance: 63164218945770475795
    Hyperbeam Balance: 0
    Difference: 63164218945770475795

[269] Address: QFBCU51AxNY79CR8k5FhU_gO4e4yEL-aiWz9QZ_4uws
    AO Balance: 10553445024916684048822
    Hyperbeam Balance: 0
    Difference: 10553445024916684048822

[270] Address: JyQiTvqKIXZczY57PWOnhELUBIIKc56xWAbcM2_MXrk
    AO Balance: 3036075846850012191
    Hyperbeam Balance: 0
    Difference: 3036075846850012191

[271] Address: 74C0V1PIMhk3VqK9ulvABKxbyi2IYeghbAM0nFIkT6o
    AO Balance: 3324428192987619576
    Hyperbeam Balance: 0
    Difference: 3324428192987619576

[272] Address: J-awHnoFVfHLeNQt4bBxIkJFPXuwgvorb8U3w8xCb_c
    AO Balance: 27000090953548590
    Hyperbeam Balance: 0
    Difference: 27000090953548590

[273] Address: R0_V6batgOlihOy5esf14xK_CvmOLP5eMDTKMPdIa4c
    AO Balance: 6678595899810826132176
    Hyperbeam Balance: 0
    Difference: 6678595899810826132176

[274] Address: 47hl-GQFgVo4RI7vm02dJiS9XELC4TlKvBXqZsGdsgU
    AO Balance: 2534547860274060982447
    Hyperbeam Balance: 0
    Difference: 2534547860274060982447

[275] Address: cDa2e30IqCsM9nzFtwKcj1pMq0nIqKWWsAQlA6JSSf0
    AO Balance: 1909711117984137786371
    Hyperbeam Balance: 0
    Difference: 1909711117984137786371

[276] Address: 74KcZ678lwG96ZxhZRmZKf3erEQe7WAcjPZtUZ3u10E
    AO Balance: 1682466797253564359541357
    Hyperbeam Balance: 0
    Difference: 1682466797253564359541357

[277] Address: 5pU9AePnB2Kx8bZGp0kKmS6CE9h5h-z0kgKEdHt5YEY
    AO Balance: 36874319603964196797
    Hyperbeam Balance: 0
    Difference: 36874319603964196797

[278] Address: i-QMdy2hHn5xjc7BCvYrbsuJe0UWJUyZldr4vto21fo
    AO Balance: 32666193543589034278
    Hyperbeam Balance: 0
    Difference: 32666193543589034278

[279] Address: cQ-0613BxylwSBCfYo63oYkWEFAx5sN1f8N7Eq7_IMw
    AO Balance: 96506609383206780
    Hyperbeam Balance: 0
    Difference: 96506609383206780

[280] Address: NdJxiO_TeREBV8msvaBzIG9kpO4omkAgSCuqTO0NUNM
    AO Balance: 150907513107912830875
    Hyperbeam Balance: 0
    Difference: 150907513107912830875

[281] Address: rlkepdIpZnrc2J8KcI4bRcPNlDICu3zZ_rbjOtEFD8U
    AO Balance: 2301187791151746555
    Hyperbeam Balance: 0
    Difference: 2301187791151746555

[282] Address: _Ahiim52MO3HVWp0149MYyV7wA87gPG5nJeeKq2-FHQ
    AO Balance: 153998934463029271220010
    Hyperbeam Balance: 0
    Difference: 153998934463029271220010

[283] Address: DUaDdJ8qF_lf-LoeFn2q3SGg53iOcyc6wYsrY3AkkuY
    AO Balance: 7218650491700503510
    Hyperbeam Balance: 0
    Difference: 7218650491700503510

[284] Address: utdLU_cfJqff6NgagVefXF1vcCGX4AL7U_ZF2fMw8kM
    AO Balance: 5933680029449155831
    Hyperbeam Balance: 0
    Difference: 5933680029449155831

[285] Address: DwYZmjS7l6NHwojaH7-LzRBb4RiwjshGQm7-1ApDObw
    AO Balance: 2018332603737029770
    Hyperbeam Balance: 0
    Difference: 2018332603737029770

[286] Address: MFUppSYMlWaNTZM3amEYXHqebv3LCB9XmTkJSAgD6Pw
    AO Balance: 959139016453977783
    Hyperbeam Balance: 0
    Difference: 959139016453977783

[287] Address: GqZvux6ZVhS7dLIHwlPiOsn9lhkNLEHx1vsrWo27cMc
    AO Balance: 5999460882952511627
    Hyperbeam Balance: 0
    Difference: 5999460882952511627

[288] Address: 46FwrAfXLNGJ25p5jvVJZ522AL5w8zgeUG47TQXqtkQ
    AO Balance: 1623532503834233916299764
    Hyperbeam Balance: 0
    Difference: 1623532503834233916299764

[289] Address: zKt8m7XA4xc-NEciKVWzCAZaoPHTgBXsNkcrqoUI6_g
    AO Balance: 409671570078510627
    Hyperbeam Balance: 0
    Difference: 409671570078510627

[290] Address: BOzEuAR_EV918_leIC60ecrJlRkZSpvUPN_nPvTqND8
    AO Balance: 18636707916640251
    Hyperbeam Balance: 0
    Difference: 18636707916640251

[291] Address: 7M1SSKXwpfPx3LItKmr_VLnOW9ebJ1Goi--gmWULOfA
    AO Balance: 2108854947967502159
    Hyperbeam Balance: 0
    Difference: 2108854947967502159

[292] Address: XHKAuMpyoEVuhTuR1-MsO3XosvlOifMRwbqjR0aq0W0
    AO Balance: 8960673303279458243
    Hyperbeam Balance: 0
    Difference: 8960673303279458243

[293] Address: xb7WtsjJwpzu71yl4P48OGBjRyyXisKXZOfkg-pojtg
    AO Balance: 18058830549341023544
    Hyperbeam Balance: 0
    Difference: 18058830549341023544

[294] Address: JYhlb6lHKhYi1uIvYdpoXU9fCnG88jIhqGj4gEXGaS4
    AO Balance: 73847549989694380495
    Hyperbeam Balance: 0
    Difference: 73847549989694380495

[295] Address: c-h__9MxyOZbDuJQUrZ2Dy3BDeGaI1eaTaEw3oCBp4M
    AO Balance: 1377201625342258067951
    Hyperbeam Balance: 0
    Difference: 1377201625342258067951

[296] Address: p_VfN86Bypw_29NIbs1LdulON_qXdtVdbAj-ULSVfQc
    AO Balance: 155408137618861281
    Hyperbeam Balance: 0
    Difference: 155408137618861281

[297] Address: oFZ3fSTGUZNYrEafy0XxAwrVJrsp_K8IyilDDoE1Z4s
    AO Balance: 4698827239363369719
    Hyperbeam Balance: 0
    Difference: 4698827239363369719

[298] Address: sdXvhSN-YX8ej6gVfWqWfs6wNGOOX-9F0a6H9b6hWKA
    AO Balance: 20101679747234500141309
    Hyperbeam Balance: 0
    Difference: 20101679747234500141309

[299] Address: fQHCtGRQ4VEVdDTNOIUvcfkxX4balC-6pVYm__tt9LE
    AO Balance: 42389336712281260669209
    Hyperbeam Balance: 0
    Difference: 42389336712281260669209

[300] Address: XrAarfXzyvnHr-RCrP6fmA3PWzZCKGyUgT24UMw3AkY
    AO Balance: 1704904506758326374041
    Hyperbeam Balance: 0
    Difference: 1704904506758326374041

[301] Address: br3hCLcCo5BxJ81r3Jdu1cdgpLoUpocsaRXpHIrZ0H8
    AO Balance: 3268950442634080630823
    Hyperbeam Balance: 0
    Difference: 3268950442634080630823

[302] Address: xkGgb7Wdjk7JKa_baHvlKR3cI71qL6tHTDSdTOStKo4
    AO Balance: 1846507106978965936
    Hyperbeam Balance: 0
    Difference: 1846507106978965936

[303] Address: On6gHkUGWGEV2-RyCC5oxk-f2zkVAc7WcAkdPOsF3YI
    AO Balance: 295215676500984182340147
    Hyperbeam Balance: 0
    Difference: 295215676500984182340147

[304] Address: oys9hS8ku0nGf6juKCj4XaDbs-WjoJM9JkbCwg05k0g
    AO Balance: 183762765542050260
    Hyperbeam Balance: 0
    Difference: 183762765542050260

[305] Address: 4ee4HzZ0GWO4L1QdVWUG__I_U8bGYKqySyiucqZmF1c
    AO Balance: 24339276566701929099347
    Hyperbeam Balance: 0
    Difference: 24339276566701929099347

[306] Address: ScEtph9-vfY7lgqlUWwUwOmm99ySeZGQhOX0MFAyFEs
    AO Balance: 699282043915556300
    Hyperbeam Balance: 0
    Difference: 699282043915556300

[307] Address: U3FtotJNYxNzEPpkNmSVBQnCV4actG4EqI9Sfh65mrE
    AO Balance: 4237389553415704005153
    Hyperbeam Balance: 0
    Difference: 4237389553415704005153

[308] Address: K0CquddJ_OZS_H6IIU-HM9P2R8eVkSyOfKEjGIveLzo
    AO Balance: 157446194145247909180
    Hyperbeam Balance: 0
    Difference: 157446194145247909180

[309] Address: _5wu-aJQ6vBG-f5e7RMcUx8WQQdeDaEulGQllzQs8mE
    AO Balance: 316933523710859981320
    Hyperbeam Balance: 0
    Difference: 316933523710859981320

[310] Address: 5sqfubD1WdH2zrUcdf60uhXTofOjiJBBo3-wvV0z7P8
    AO Balance: 160359610221289277607
    Hyperbeam Balance: 0
    Difference: 160359610221289277607

[311] Address: k3sIA6kF6D1fdQxWqV6We24k4-i_rn8w6q_kIRUCVis
    AO Balance: 2934808910164989427448
    Hyperbeam Balance: 0
    Difference: 2934808910164989427448

[312] Address: KGY9vS_2RgfNpOnK_eLi8I08Ehew1Mfj1Xaue44shCo
    AO Balance: 579246231257827524
    Hyperbeam Balance: 0
    Difference: 579246231257827524

[313] Address: -cb5fXdqllUzmZihmJ2yj30DzusLLKbiH_A2TZIsNTE
    AO Balance: 16949696850015616882
    Hyperbeam Balance: 0
    Difference: 16949696850015616882

[314] Address: CHGwhxzWsunLejBvNCgOF9xi-lv9MjYxcKRdoashiDg
    AO Balance: 31097711655685886034
    Hyperbeam Balance: 0
    Difference: 31097711655685886034

[315] Address: -G3NPHYpQPUQ-0gZ_KahkRGjQqhJja7A5NbZ4OTy4wE
    AO Balance: 2548427803202754694513
    Hyperbeam Balance: 0
    Difference: 2548427803202754694513

[316] Address: KXpeMKb078sxnQhUtUVevT80m7fH3gvO5ukuU35ipME
    AO Balance: 8275996702163353359
    Hyperbeam Balance: 0
    Difference: 8275996702163353359

[317] Address: PhMbLg-V12meT8lS99dW8a_SZmbKhvQntraFHUFuTTI
    AO Balance: 16394938057371447434205
    Hyperbeam Balance: 0
    Difference: 16394938057371447434205

[318] Address: dnJvs5tR1YNGOI4uFOIf2tfPV7ZGsWuewqMzX8qzKsI
    AO Balance: 4498623870126678
    Hyperbeam Balance: 0
    Difference: 4498623870126678

[319] Address: CxcKJuOjSJbUTDfv96zEkySxwqVX18dFOW5dwf15Fks
    AO Balance: 78359386317128446
    Hyperbeam Balance: 0
    Difference: 78359386317128446

[320] Address: JemMP4EfSvLJu2YEWQJqSZubctveq-8dWI4yCLtzsTg
    AO Balance: 148611549430211594
    Hyperbeam Balance: 0
    Difference: 148611549430211594

[321] Address: jQFFX6VEP9mc2up05DHC5ZRQ3DdHRCzv4bhZrMbjJR4
    AO Balance: 33226992668966201
    Hyperbeam Balance: 0
    Difference: 33226992668966201

[322] Address: kN9D0MuVfK6-kuVOeXTBVkNqHpEX0Yn19lBHTxs9n-8
    AO Balance: 3950380082409930069688
    Hyperbeam Balance: 0
    Difference: 3950380082409930069688

[323] Address: meaWuuU3zcJcfkW0VZB42Rren1Dc_GPAIyKteSzVVzY
    AO Balance: 72173828772377567693
    Hyperbeam Balance: 0
    Difference: 72173828772377567693

[324] Address: _yI_dqnjU8AC6FlKfmDrCJxQaAzx5NviRjNrfUMt9jo
    AO Balance: 459003319971955222
    Hyperbeam Balance: 0
    Difference: 459003319971955222

[325] Address: FV0MJBottxGS4kWJKyCog86adnYOsJQmbVMaZAgnAPY
    AO Balance: 1942309722421486327
    Hyperbeam Balance: 0
    Difference: 1942309722421486327

[326] Address: KCt8s3yHllWhDCUCXEkyR_9t-Tx1MGLPAaTTqWBPXPw
    AO Balance: 1161479956738844984
    Hyperbeam Balance: 0
    Difference: 1161479956738844984

[327] Address: UcBPqkaVI7W4I_YMznrt2JUoyc_7TScCdZWOOSBvMSU
    AO Balance: 332606784115441862376926267
    Hyperbeam Balance: 0
    Difference: 332606784115441862376926267

[328] Address: QJUf3Bd0uiJNw95r5tqIjmg7wpw1D3vCR9G1A47rYmk
    AO Balance: 668959691954450822409
    Hyperbeam Balance: 0
    Difference: 668959691954450822409

[329] Address: JaolEeYM6eqP7G90isQGos1VtmhJ5vDCrQmktTb-OmI
    AO Balance: 192505144464411161258
    Hyperbeam Balance: 0
    Difference: 192505144464411161258

[330] Address: cyqM8lOm7c3phfUvHn8ESj4HtsCBMr9fHKGme6UvvI4
    AO Balance: 223125365538839009468
    Hyperbeam Balance: 0
    Difference: 223125365538839009468

[331] Address: xRuZEW7C3JGu-KolqL9nJmEQ5_QHcYiq_7tU_lJqJLQ
    AO Balance: 121160251244204150791
    Hyperbeam Balance: 0
    Difference: 121160251244204150791

[332] Address: -YACudwj4BlWV5M_EX3OmDZDfBr6OXLiz9o2_TUDclE
    AO Balance: 25560571833759865082
    Hyperbeam Balance: 0
    Difference: 25560571833759865082

[333] Address: ASmlSjfxHOqJVXKVPXCqCw8vsey_eBpu6F1MmnRhYS8
    AO Balance: 448036274508328604180
    Hyperbeam Balance: 0
    Difference: 448036274508328604180

[334] Address: IyQ-ygu07UFyuZy5dKSk-KEhf-81nTtAZQJK1V0LNxk
    AO Balance: 1314191996801338448924
    Hyperbeam Balance: 0
    Difference: 1314191996801338448924

[335] Address: pIWx7GBmN7HuBM2Qyplxwpt0uiw59TC1RyL1XZrHcLY
    AO Balance: 41447142034615078
    Hyperbeam Balance: 0
    Difference: 41447142034615078

[336] Address: 0RWuHL1469WYh146-x-5IKtes0WQweqv8d9OehyxFKw
    AO Balance: 155416435882620981159
    Hyperbeam Balance: 0
    Difference: 155416435882620981159

[337] Address: zMm-1yAnKiqgyWnnowyijKyiFyFsr7nkJrXuNAR2_6M
    AO Balance: 249740729203262539
    Hyperbeam Balance: 0
    Difference: 249740729203262539

[338] Address: QFdaPOfyh8PEhjn6tKLLMyBORpr660cliTiuy8lwxpE
    AO Balance: 22858552045542780797235
    Hyperbeam Balance: 0
    Difference: 22858552045542780797235

[339] Address: utZJmU6ASxBwdmkvrNQ8ctdK4ZIn_PuVKBlJYgccoHQ
    AO Balance: 2885741844300884021
    Hyperbeam Balance: 0
    Difference: 2885741844300884021

[340] Address: SOBrdh6S7qFcyLNck6LwIJhobpNKldoj45OXMIUs2qs
    AO Balance: 58496241233983031477
    Hyperbeam Balance: 0
    Difference: 58496241233983031477

[341] Address: n-N4zd04viuRwl30tshl7TU3jMIVODteWhh8xrEfp9U
    AO Balance: 1550885953734010647041
    Hyperbeam Balance: 0
    Difference: 1550885953734010647041

[342] Address: mPuMvHkCOz8TVlsHTG4gU0XtvnFkiXd8GQOjYKskPJQ
    AO Balance: 20594797060669539145225
    Hyperbeam Balance: 0
    Difference: 20594797060669539145225

[343] Address: 3Eix48bRU1hYOSf_7EpCWp-tunvM670T6tpWoE4rMuo
    AO Balance: 120104034652266439
    Hyperbeam Balance: 0
    Difference: 120104034652266439

[344] Address: q1co2TRGfMI_IbKh8pbMGQZ8vTRH-yfOJxHsmOtswi8
    AO Balance: 38285746001612900691
    Hyperbeam Balance: 0
    Difference: 38285746001612900691

[345] Address: vHt-zAsjtZ2nat90a8TIzKfw9wvqBdvSEKCm8n_SqXQ
    AO Balance: 396752829917047516996
    Hyperbeam Balance: 0
    Difference: 396752829917047516996

[346] Address: n4Z-I-Rfp_Ke3uGxp5MbHHQjmeXv3pXxPx4wfXTI4OE
    AO Balance: 4083985454015993
    Hyperbeam Balance: 0
    Difference: 4083985454015993

[347] Address: GPkQiTkXvurZzsYseO6IBMsjIV-2sazBlbOWv7DpZ34
    AO Balance: 844196241922378583641331
    Hyperbeam Balance: 0
    Difference: 844196241922378583641331

[348] Address: p4WpazlWSqBjBP_TrJDB_k2DivcsYk_RwLVXjTDzLck
    AO Balance: 705940650487028955685
    Hyperbeam Balance: 0
    Difference: 705940650487028955685

[349] Address: -Y2oKWQxHr5zuw0_tnuNakNBjRhuxbhTrHwVwP1Cc6E
    AO Balance: 9970697475163666624352
    Hyperbeam Balance: 0
    Difference: 9970697475163666624352

[350] Address: meInk9iTLPzEJtiLNlUWQUFW8ynLEUa9ZjmAIdPhTVw
    AO Balance: 265175780776737159
    Hyperbeam Balance: 0
    Difference: 265175780776737159

[351] Address: 7v9DR7LYK7nDN_hN-Joi_2JP0iJzteribmJAw-Gck8g
    AO Balance: 11599569587556523
    Hyperbeam Balance: 0
    Difference: 11599569587556523

[352] Address: oGSb5avXn5Y_ONz-xKrWkXZYeoRz39JUBM6bGbZ-WTc
    AO Balance: 101209612660488326548
    Hyperbeam Balance: 0
    Difference: 101209612660488326548

[353] Address: 2_wLOpk3PudffSdhD_OHt49L1fvIM87acdBi4n2gYFs
    AO Balance: 269306882477945652134
    Hyperbeam Balance: 0
    Difference: 269306882477945652134

[354] Address: TnzosoQW_K961AWAhLRG5hMYnTFxE1rRSFPRY-wHMuQ
    AO Balance: 5164946328735857
    Hyperbeam Balance: 0
    Difference: 5164946328735857

[355] Address: 8nwQRRqbCvfqnMeWwbD-1erglerCp8zJVYeosF4-eNI
    AO Balance: 12897872655867010056
    Hyperbeam Balance: 0
    Difference: 12897872655867010056

[356] Address: gcfsZBUT-fRExOxsSfuW90GevKcV54gq_F4RaI2xzpY
    AO Balance: 108224957603399411515852
    Hyperbeam Balance: 0
    Difference: 108224957603399411515852

[357] Address: fSw68q1yeRbLYaoG0j0vVl6_Q3OHHU6VGdtNveQcufg
    AO Balance: 117546169324525354380
    Hyperbeam Balance: 0
    Difference: 117546169324525354380

[358] Address: JMZelRXlPtCQpGtujAzYssjWa_DZ-sCdAXU3VXZNLqE
    AO Balance: 108726440811644323
    Hyperbeam Balance: 0
    Difference: 108726440811644323

[359] Address: 7_32d_YjYlnYdW7QaPw0XdqGHZQ0XWgMXiURvi8ufIg
    AO Balance: 215602938932405098957
    Hyperbeam Balance: 0
    Difference: 215602938932405098957

[360] Address: 6fpt98wMlpt1Q1C6-xdNI0qqOGbbjhLt5zl0NFNsSHE
    AO Balance: 7907185972927361507154
    Hyperbeam Balance: 0
    Difference: 7907185972927361507154

[361] Address: WRNfBJGFw1DWgZ3B2rH-1EKVSru6cOQX4hgAxRyTlgM
    AO Balance: 1054167562087340894463
    Hyperbeam Balance: 0
    Difference: 1054167562087340894463

[362] Address: Dq33BIKMJwa6Q7BZEbcH5xgEnLrGDJeKLTEk_Hs2p-E
    AO Balance: 10849368919486237
    Hyperbeam Balance: 0
    Difference: 10849368919486237

[363] Address: cjqWVZ_xBtCdG_FYEtOcH75AzPSSnTMSYWamI-LdjSo
    AO Balance: 2369579092357028181
    Hyperbeam Balance: 0
    Difference: 2369579092357028181

[364] Address: rEYT6IoZHD15rFUZrtCL5-_ATv6dsBNnljaAei1SdJ8
    AO Balance: 258254596264043272673
    Hyperbeam Balance: 0
    Difference: 258254596264043272673

[365] Address: o1rQiivUW4EaNH375gIw8b3aysP-ScOUmo8g4TvnQA0
    AO Balance: 1031550579461143275562
    Hyperbeam Balance: 0
    Difference: 1031550579461143275562

[366] Address: m1YSrJ08L6Nk9QCp7yMgrJD9x9nEVQ4usNJI7b-pzuM
    AO Balance: 1178875671644834856198
    Hyperbeam Balance: 0
    Difference: 1178875671644834856198

[367] Address: LhsI9POghJ_4WyHGRIzCoRAVFwGdnV8gGPPZyQa5OoE
    AO Balance: 2331028141327620467404587
    Hyperbeam Balance: 0
    Difference: 2331028141327620467404587

[368] Address: sIb3H3LY-FSYGj03fVK751huwWwzSUNECstwBdjPn_Q
    AO Balance: 1999679323692461761
    Hyperbeam Balance: 0
    Difference: 1999679323692461761

[369] Address: 6sRPE3la2hXA1d6mucIJ2ajR-4XxDCjte-2MnP4rEeA
    AO Balance: 4546888664125928
    Hyperbeam Balance: 0
    Difference: 4546888664125928

[370] Address: S5ipWCaqApO-1XskDXRXEHtANjSmdk_fZiGJYJmSkjI
    AO Balance: 142982361110828771915
    Hyperbeam Balance: 0
    Difference: 142982361110828771915

[371] Address: nRxsMNGPrnbz_uFbuoySuZJvcu9xddjdiNYPCnbgbMo
    AO Balance: 2650621946891974049
    Hyperbeam Balance: 0
    Difference: 2650621946891974049

[372] Address: M1Ac-m6qOekqYWk_hTdPgf6WpQBiyKtMO5ws8UTgR2U
    AO Balance: 321870703664059428910630
    Hyperbeam Balance: 0
    Difference: 321870703664059428910630

[373] Address: iB1iyxEdkn19T-m9Z9uWwLVYvgboBm03Ng6CSTMJ5_w
    AO Balance: 47445432642500206095
    Hyperbeam Balance: 0
    Difference: 47445432642500206095

[374] Address: pa4LbdJOxhYfQnszs0DoPCZ3XK-_wXMb_rRXeOJRZVA
    AO Balance: 431604268974032015762
    Hyperbeam Balance: 0
    Difference: 431604268974032015762

[375] Address: g6p9P-J3hagQaDI4qxTrduzigGtDVXbYoccY51Yn9xg
    AO Balance: 22983438403967791527
    Hyperbeam Balance: 0
    Difference: 22983438403967791527

[376] Address: uTiv2WZxTlIyLxfEgyI9uS0wkbEQOL1lK9CkJdSDBYc
    AO Balance: 273676087825023615
    Hyperbeam Balance: 0
    Difference: 273676087825023615

[377] Address: x_kYqg1CbICnPcGkUVW1AHCrgq7tul-L5Egkf9VtQgQ
    AO Balance: 2402761121936295502500
    Hyperbeam Balance: 0
    Difference: 2402761121936295502500

[378] Address: Th3lzN9trRkb2r3wiYtWvtP8fckgD1tEoDzUFSrWcsw
    AO Balance: 2307092008399735760941
    Hyperbeam Balance: 0
    Difference: 2307092008399735760941

[379] Address: eE4kxIcsSgF8eJim3YqZ-g3nDzDrPqHDByK4Up2VRhc
    AO Balance: 118566328748299891132
    Hyperbeam Balance: 0
    Difference: 118566328748299891132

[380] Address: VtjOvTkAbwY17jcivOTyXYjiB67qVwI0X2p3NvJG7jE
    AO Balance: 804289349380565250
    Hyperbeam Balance: 0
    Difference: 804289349380565250

[381] Address: ZuPLqFGsVLHL_99kxv6cLzchKAxJZ2IPjQQRhpxCplY
    AO Balance: 1660701404245298680452
    Hyperbeam Balance: 0
    Difference: 1660701404245298680452

[382] Address: CztFiqbiYvRk2pFoapAj9mAmRcECkCT-c6pY_B8ewTI
    AO Balance: 435311516422585547772
    Hyperbeam Balance: 0
    Difference: 435311516422585547772

[383] Address: qGTg8oxHt5MSR-uKtDsJmFaWAYEHcAJoWAhmdhYf8-Y
    AO Balance: 314145696574072040252
    Hyperbeam Balance: 0
    Difference: 314145696574072040252

[384] Address: uB-X2hZPzHxjHc9vDfFZLrz9BObQpGhm_BC3VPTYw-M
    AO Balance: 53059402920445012
    Hyperbeam Balance: 0
    Difference: 53059402920445012

[385] Address: M8ErSAf52ZTSXXltVBcskf6To02orNfs2CgeahhAHBY
    AO Balance: 15984745865232828692
    Hyperbeam Balance: 0
    Difference: 15984745865232828692

[386] Address: oU-1ix1_F6_-C2G9p3re7WFWOUUE3tLvdS1joYAff7M
    AO Balance: 421865528388221308859731
    Hyperbeam Balance: 0
    Difference: 421865528388221308859731

[387] Address: eNen_uiF2CB96PzEymhV60oe3bdJP3ez-H9peEF99_A
    AO Balance: 8563466243394433
    Hyperbeam Balance: 0
    Difference: 8563466243394433

[388] Address: qw3k-pDbkwCWT0fwsRcAXvLdVhy3hmLnEvQJBCoSkiI
    AO Balance: 403795531418982975845
    Hyperbeam Balance: 0
    Difference: 403795531418982975845

[389] Address: LtjMPHQVBROEuuemJJhU4ZOuft2R71_bCRBmEWF4jdU
    AO Balance: 467813513622289158
    Hyperbeam Balance: 0
    Difference: 467813513622289158

[390] Address: HthRMeUYUTY_5MYQ_7zmY1WH3C0O-D_f8RQJtoo-F9c
    AO Balance: 1026179706797745209725
    Hyperbeam Balance: 0
    Difference: 1026179706797745209725

[391] Address: FcfEMz69HsKBYtDOp0miKj5WjQ-UztyQwJqfSAffrSY
    AO Balance: 17025125243894563776
    Hyperbeam Balance: 0
    Difference: 17025125243894563776

[392] Address: xGJ0dg4ARHTLZuBeWj4Yj6Ra9rnnC4gi-OClaEAqqJE
    AO Balance: 916119752748114560878
    Hyperbeam Balance: 0
    Difference: 916119752748114560878

[393] Address: 1xpKMUDEfdQMs5s96pagW8q8eyv_dXqhCfHHDyRmS4A
    AO Balance: 599949758108971059246
    Hyperbeam Balance: 0
    Difference: 599949758108971059246

[394] Address: uMZcrqFRxuLckLbmFKNLBavd5biQCorNXpAKyd7LqiA
    AO Balance: 41565721846913135
    Hyperbeam Balance: 0
    Difference: 41565721846913135

[395] Address: ERc_D3rqsbpaPmqen7w6H_R01C3S2a_NBEV3VSRwtK4
    AO Balance: 1465962899790715283
    Hyperbeam Balance: 0
    Difference: 1465962899790715283

[396] Address: 9F9roZc68HtMW-oLausBz5LXDqOlBDSIlUeYrUlxR2k
    AO Balance: 106895976585621214579
    Hyperbeam Balance: 0
    Difference: 106895976585621214579

[397] Address: yqRGaljOLb2IvKkYVa87Wdcc8m_4w6FI58Gej05gorA
    AO Balance: 56044386868836711830
    Hyperbeam Balance: 0
    Difference: 56044386868836711830

[398] Address: ftGDKHpg2uvT6w3lW6szP_ICOxiVVfTkv5POiEWyclE
    AO Balance: 305190595086238728281681
    Hyperbeam Balance: 0
    Difference: 305190595086238728281681

[399] Address: 0WTTYyQhN5p-EwsX85aNpw-T2QN96xrCIzX-5l7T7P8
    AO Balance: 53262599204040
    Hyperbeam Balance: 0
    Difference: 53262599204040

[400] Address: uw6uEgV1kAqDYCuvy5WkmYr-ZtP4c-jmuOqo3fix7XY
    AO Balance: 64077093039872278352
    Hyperbeam Balance: 0
    Difference: 64077093039872278352

[401] Address: la33fxOOAFAMDetGKDTwBL-T-CGgU4Qc__xdF2U1PSE
    AO Balance: 147276910751767556479
    Hyperbeam Balance: 0
    Difference: 147276910751767556479

[402] Address: or9tuu3G87HNhyLVbjaAGJjrFoff1HQgHW3RT31WQG0
    AO Balance: 242926016584042181976534
    Hyperbeam Balance: 0
    Difference: 242926016584042181976534

[403] Address: Tj9-KlNBnHc3bJ0qokGFguvHzt_gK2I3Qx2jGbxGqtA
    AO Balance: 145413793004463926832110
    Hyperbeam Balance: 0
    Difference: 145413793004463926832110

[404] Address: 4Mlnbpy7M6F9iZtirH4KdtZFZvRN8UOezda56w9-5Js
    AO Balance: 141090912173725958531
    Hyperbeam Balance: 0
    Difference: 141090912173725958531

[405] Address: FmvHpI_TdOFqbMFPtE_D-tsI5uaAs3_5gHY3QZ-sRzU
    AO Balance: 3872879847319624517
    Hyperbeam Balance: 0
    Difference: 3872879847319624517

[406] Address: hLZQxX-0kfDeyGYS6G7QNIQ6du1D5dJAwmLTb-lkBUU
    AO Balance: 11599576420484421
    Hyperbeam Balance: 0
    Difference: 11599576420484421

[407] Address: v-NSw_Zv4iGtakqasE4IlJNjmVzQwhtkRE3Snl0UPJE
    AO Balance: 14623884822822097754
    Hyperbeam Balance: 0
    Difference: 14623884822822097754

[408] Address: WCVflMbNJNmZgT4Smy1vDdXRUxUSP4VGLUryjsgN8VI
    AO Balance: 16797963408352737797
    Hyperbeam Balance: 0
    Difference: 16797963408352737797

[409] Address: RIGUspjBTlERtIa6jKdMHyG9c3xB1Aitttz-11AFknY
    AO Balance: 19945808584272378876426
    Hyperbeam Balance: 0
    Difference: 19945808584272378876426

[410] Address: mbWjAG1IiwSdz7Q4Fr1uOb5SqKVEJhD5xyceS5AIWu4
    AO Balance: 29933711587312063010
    Hyperbeam Balance: 0
    Difference: 29933711587312063010

[411] Address: _14KYbz_vyJaaqZuZ6tIDQfEnXV5xmeOV_ixtFkadhU
    AO Balance: 47847947942134955316
    Hyperbeam Balance: 0
    Difference: 47847947942134955316

[412] Address: hctnleYoGzMf55h3C4pnG3luEUElXkvJj7XWSv7NpUM
    AO Balance: 274612553658193552863
    Hyperbeam Balance: 0
    Difference: 274612553658193552863

[413] Address: 3dTBoAtr9RA0DhNihHvcbInbsMO9nKscXyXarQ82uEM
    AO Balance: 10257030566753907781
    Hyperbeam Balance: 0
    Difference: 10257030566753907781

[414] Address: GvXlN7UR4-WwlsxP1iJqkKIbmF1Li_NJzfB0Ans-eUE
    AO Balance: 14999101636980488636
    Hyperbeam Balance: 0
    Difference: 14999101636980488636

[415] Address: dzRxqsh-fXkh2QYogPzsmY59tsNSRZN_fYhjLqFeung
    AO Balance: 27694256616871713949
    Hyperbeam Balance: 0
    Difference: 27694256616871713949

[416] Address: Pou14a_WXAwHseF6Y31dJmz_IXaIduh59iUWIZzqdkI
    AO Balance: 231806623400204955
    Hyperbeam Balance: 0
    Difference: 231806623400204955

[417] Address: aUt2px2d5Jkic8BKgxbwkBDdMhfi5i4V5iGXzcT84-E
    AO Balance: 490538199556329548782
    Hyperbeam Balance: 0
    Difference: 490538199556329548782

[418] Address: Kzk9SnqbeTXUtVQvxMVA2yU54lV-CfvrIOSWpRvoX40
    AO Balance: 125446195247160643542
    Hyperbeam Balance: 0
    Difference: 125446195247160643542

[419] Address: SIQ89BYPjpsrIa4ZMUMB7Pbng36jOvztAFSVGc5fhsE
    AO Balance: 958741850336397874
    Hyperbeam Balance: 0
    Difference: 958741850336397874

[420] Address: Gko8hpfcm2DRnMmuHgnoSP-84YogGDKQODGUbd50L8Y
    AO Balance: 1342252034566359913119
    Hyperbeam Balance: 0
    Difference: 1342252034566359913119

[421] Address: wtntRzyi2K3QcJ-3jd7TBn_ZZf3WUHmnRQ_kJ-LlKaM
    AO Balance: 20911085780657614533217
    Hyperbeam Balance: 0
    Difference: 20911085780657614533217

[422] Address: TukAuhKID_yNvl25M-kSXOzEETlJl7M-4AHxTK4B4So
    AO Balance: 27484961581049732966
    Hyperbeam Balance: 0
    Difference: 27484961581049732966

[423] Address: YJvz0FNIYRjm53WUa20ew0aQgi_n4CSSvzDUQHnZj0g
    AO Balance: 2474668752347257755
    Hyperbeam Balance: 0
    Difference: 2474668752347257755

[424] Address: pgXxJzZjnX8jKuc8g12CcrDinDWL6fXOZcEsluqTWJM
    AO Balance: 70367900159255720545924
    Hyperbeam Balance: 0
    Difference: 70367900159255720545924

[425] Address: AfzCxkYy4f4J6HsZgiDZW1DqlYO-7gIWrYPhw9diyic
    AO Balance: 1974819088994816370139
    Hyperbeam Balance: 0
    Difference: 1974819088994816370139

[426] Address: oSe__ULn3UFQorrgjQx1OUsebxYxnHJy4645D3jw3BQ
    AO Balance: 52767308591365582850
    Hyperbeam Balance: 0
    Difference: 52767308591365582850

[427] Address: cdN6vPzEQQ-Xu79Dzd4ad00eA_HPmAC59upsIhwphW8
    AO Balance: 1981005090654872847233
    Hyperbeam Balance: 0
    Difference: 1981005090654872847233

[428] Address: mQ7B1ToMC9vB4AlLtuRv0wxh5sQXhP2lAtNX89EBAAA
    AO Balance: 6013628457499308920
    Hyperbeam Balance: 0
    Difference: 6013628457499308920

[429] Address: GamoScB8SaUee6yCil9hkjS5YZg8nCbM3ExFjxzkH00
    AO Balance: 533834094393279160859
    Hyperbeam Balance: 0
    Difference: 533834094393279160859

[430] Address: F0Xe-izyXtIF1BcHQNG1oRcHhmvT1cs3Yfn5XHbYjGQ
    AO Balance: 2258303326910905267891
    Hyperbeam Balance: 0
    Difference: 2258303326910905267891

[431] Address: MhO_kRT5Lz9THkDZo8GjUNGPCMEOhG3wFFLtKcMFeiI
    AO Balance: 17351443270970477169548
    Hyperbeam Balance: 0
    Difference: 17351443270970477169548

[432] Address: KXeGx8T2TBluSNbTh3Snc2rY30ukkYx3Pm48vPtjP0g
    AO Balance: 299278084282009412943011
    Hyperbeam Balance: 0
    Difference: 299278084282009412943011

[433] Address: jOGYNrX1NdepACMFrfWustY-5UWGZseVCK6YsYRNCVU
    AO Balance: 1724876555301953001043
    Hyperbeam Balance: 0
    Difference: 1724876555301953001043

[434] Address: nJpq8rC7NPfgLVCXa_Mna3RzFKBVlzzFWXOK5C8J1Aw
    AO Balance: 1156136605993748121
    Hyperbeam Balance: 0
    Difference: 1156136605993748121

[435] Address: uAsYw8-vGL6zgyDfImyW2MkiqI8IV2FteK_Fzz-JGWk
    AO Balance: 3567943591923205427
    Hyperbeam Balance: 0
    Difference: 3567943591923205427

[436] Address: mfc-VpdelFNTuEqcFTCAyUEom_Ttyv84HYmAIIiF0YY
    AO Balance: 1057932124089181482816
    Hyperbeam Balance: 0
    Difference: 1057932124089181482816

[437] Address: NKuVuP-waulHT5jhjGlHX_O81JJ43LL2w1aS417wPK8
    AO Balance: 12754497953516140
    Hyperbeam Balance: 0
    Difference: 12754497953516140

[438] Address: Dd-wBHvGCcvbOCfAGT_TsYwPi2WrwBEdPw3-titCNtY
    AO Balance: 586197113053819463296
    Hyperbeam Balance: 0
    Difference: 586197113053819463296

[439] Address: VKfseNa4T-0PYyz2hfhyXES_YWXYfAj1OdJt5RB7CC4
    AO Balance: 1080733250963566896221
    Hyperbeam Balance: 0
    Difference: 1080733250963566896221

[440] Address: BL1SYKognbpGM-N-ZdP6rIg0JqPRnTrzd-5nJNYVMvQ
    AO Balance: 32460818264212944515
    Hyperbeam Balance: 0
    Difference: 32460818264212944515

[441] Address: Lkue8VJxsU1GVCYaGOrmohL8Vtr6lgRWyMiMXMvDuEo
    AO Balance: 114025235597983162037
    Hyperbeam Balance: 0
    Difference: 114025235597983162037

[442] Address: WvGQmZYSYU77gv8qFPZIQsPnzkmsjaRoQ8S1x8fTh4M
    AO Balance: 65921607298119704
    Hyperbeam Balance: 0
    Difference: 65921607298119704

[443] Address: stR3Tx8ln5-NDgK6OiEGsElPzFOwGOYK1gV4bqG9R6s
    AO Balance: 102637691197795366579767
    Hyperbeam Balance: 0
    Difference: 102637691197795366579767

[444] Address: A88D0JLbIG8HJbA0Kael85TD_gzF5RUt4eGSjmR2BVE
    AO Balance: 1350809435731648222148
    Hyperbeam Balance: 0
    Difference: 1350809435731648222148

[445] Address: 1JhhP3CpD1WQGWJGhOaiSGG_9OQBjV_S-HEaLaBcLag
    AO Balance: 1117974265832700845332
    Hyperbeam Balance: 0
    Difference: 1117974265832700845332

[446] Address: Eu-ZqglSsZhHI1AcYSFKtSt-WKvPjqcBxu7Zi-ulo0w
    AO Balance: 374158634394989173
    Hyperbeam Balance: 0
    Difference: 374158634394989173

[447] Address: 3n8CdUAPWLlc9FpcI-3aKfO1vG_Z_7YEiF8Kna5ob2g
    AO Balance: 504064543866466830221
    Hyperbeam Balance: 0
    Difference: 504064543866466830221

[448] Address: _cUozyJWz8r8zcJ428xEgfq0vSZ8dsf4UkNiUyPAv10
    AO Balance: 27638250624312062680
    Hyperbeam Balance: 0
    Difference: 27638250624312062680

[449] Address: UiGsgrcqcEFfb_DweYQQ1nM_lDuClTM21ZF4oSmctgA
    AO Balance: 290172266101911506057
    Hyperbeam Balance: 0
    Difference: 290172266101911506057

[450] Address: Th-mKRnKDywc2a2xlu_eK07XKjfYgvxPoQAlsA6kr3A
    AO Balance: 513561041286849385983
    Hyperbeam Balance: 0
    Difference: 513561041286849385983

[451] Address: Ybs40umYEDVJHYobXsetLNQCSLyFQox30j3jNFdVrKg
    AO Balance: 340851142477140034
    Hyperbeam Balance: 0
    Difference: 340851142477140034

[452] Address: mm14gFMHHbR2_Go8aP75NuFCufTym2wuoDgdlBOkZ-g
    AO Balance: 49753659332003070243
    Hyperbeam Balance: 0
    Difference: 49753659332003070243

[453] Address: KA7679bF_1hUKKxc-EVzy4gum8TuscaJq8uxg0qzv3A
    AO Balance: 66502638133745850791
    Hyperbeam Balance: 0
    Difference: 66502638133745850791

[454] Address: vOYSBRYMv2S5l1Zv50Z3_Yv-zTIaNzZgXx9WkgP-Rh4
    AO Balance: 2536400258219555673
    Hyperbeam Balance: 0
    Difference: 2536400258219555673

[455] Address: a-RfVVRpqbCqT1DVj4yo4fu_NxhdLZIXNAK4s9VBbTE
    AO Balance: 13797844972200359281
    Hyperbeam Balance: 0
    Difference: 13797844972200359281

[456] Address: jZBCUtgPr06Y_inXKEZAScdPWGuF4-gNxS81FqdkdOs
    AO Balance: 39469380772787127302
    Hyperbeam Balance: 0
    Difference: 39469380772787127302

[457] Address: LiH4VuHH3Hee9xI6aZQczW1V4G_V4eAC21jawzCnAcM
    AO Balance: 7702756480069581536
    Hyperbeam Balance: 0
    Difference: 7702756480069581536

[458] Address: DrPn7PL42q00A449pKL_KQ4tUx0hJbjiS8nHfpvcpyk
    AO Balance: 677699442445010892578411
    Hyperbeam Balance: 0
    Difference: 677699442445010892578411

[459] Address: ecerMftYozT2cctqP37aqqfpsEgj9s_EIEUTnZ0XxMk
    AO Balance: 40108177765684683809
    Hyperbeam Balance: 0
    Difference: 40108177765684683809

[460] Address: H1I09hGlSlqrvlQid4zBp-lleynE8bNo2Ep1u8xq0fQ
    AO Balance: 126921849241594659168654641
    Hyperbeam Balance: 0
    Difference: 126921849241594659168654641

[461] Address: pY1nE1lnn8L_OUKgQnv8H7EvWwCE6AUYtGuTng6l_TI
    AO Balance: 5757789304638222059
    Hyperbeam Balance: 0
    Difference: 5757789304638222059

[462] Address: OkG-lbu8xbsVQuvE19feVzmHd9clKepOKPhkLGdLCds
    AO Balance: 19933161988058767
    Hyperbeam Balance: 0
    Difference: 19933161988058767

[463] Address: in_z1k6wRUY7huEBXx6cn2i2F8eAiTI1fH8JxTlXEMM
    AO Balance: 2600977310540711437175
    Hyperbeam Balance: 0
    Difference: 2600977310540711437175

[464] Address: J3Iu20AaeMWVdB5WKfArXFiutidlhGj1g9WizFM1_LE
    AO Balance: 12605443214985764056522
    Hyperbeam Balance: 0
    Difference: 12605443214985764056522

[465] Address: oKypLdQvLOUDoaQc4hwOOon8OtHOaR1Nhoveu509HtE
    AO Balance: 619960898379307207970
    Hyperbeam Balance: 0
    Difference: 619960898379307207970

[466] Address: T8ZnqVySypxdj01STpY9UNFdqX8uZRhPmoVzo7AGDqM
    AO Balance: 204005874769089775
    Hyperbeam Balance: 0
    Difference: 204005874769089775

[467] Address: 01mmQ4vr8N2SOoYit9KaGR7UBmd1GK4jZJNH-wMZ3X0
    AO Balance: 515274322530693596
    Hyperbeam Balance: 0
    Difference: 515274322530693596

[468] Address: cC7tg__0zaKN4Xig4AGp_c9SHMsXVAhZyCSfZ9sVf7E
    AO Balance: 43677296482837046860
    Hyperbeam Balance: 0
    Difference: 43677296482837046860

[469] Address: SCnGkMBeZXeaQlTfL0TYWXbMsKifKQhTruuFlO7CYB0
    AO Balance: 81921250786850381312787
    Hyperbeam Balance: 0
    Difference: 81921250786850381312787

[470] Address: rvbHiED092-1jbOD-odpVs1ZQNhyuvS-JA1sseUZ_ig
    AO Balance: 11551912621247774
    Hyperbeam Balance: 0
    Difference: 11551912621247774

[471] Address: 1BORdBLKsmJuUE52y0EydxnD74WYKNEW-TU6NiArp-U
    AO Balance: 7670104881528936644795
    Hyperbeam Balance: 0
    Difference: 7670104881528936644795

[472] Address: 6OQddTHmBezdsrh8cXyNHSjRPMCyMOqXiHWN0g38NsQ
    AO Balance: 799723154894624415
    Hyperbeam Balance: 0
    Difference: 799723154894624415

[473] Address: kRdpOYaT5pUUiNFDaUymqO1VcybZpAfNPnNdls-A134
    AO Balance: 796057388179921818692
    Hyperbeam Balance: 0
    Difference: 796057388179921818692

[474] Address: IJZ_DmT1ImkNwNcg2OdQRqhVM2AxruqIpqR9XqlLAl4
    AO Balance: 19591817015855724314
    Hyperbeam Balance: 0
    Difference: 19591817015855724314

[475] Address: EnIDX0FZkSAjhLlNnimqnPohf545UuvPPyybQEs-hlY
    AO Balance: 2561243452999225948
    Hyperbeam Balance: 0
    Difference: 2561243452999225948

[476] Address: hlI6yMVlK6a8i5syrUJoX6JgknHw0wb2HRFxd7y8G2U
    AO Balance: 120569697297813376
    Hyperbeam Balance: 0
    Difference: 120569697297813376

[477] Address: aY77J3IA2lKWpBsj9kGajSLFiyB900uC_FehkAsa9jo
    AO Balance: 203171037007136191468
    Hyperbeam Balance: 0
    Difference: 203171037007136191468

[478] Address: Lk75FrpmRybJsG_g_lfpQgoll9JsUzZtneDncFmUbH4
    AO Balance: 757420191148515029
    Hyperbeam Balance: 0
    Difference: 757420191148515029

[479] Address: o40GWTsgFBzTbiSYi8MagzJh3PKbHgP76f8HViRh72k
    AO Balance: 8928840191651457812864
    Hyperbeam Balance: 0
    Difference: 8928840191651457812864

[480] Address: oxq7mVUflRzz8E75dgvOlWYZW4klIqUjGFW7qVlvwi0
    AO Balance: 38449818154838678550299
    Hyperbeam Balance: 0
    Difference: 38449818154838678550299

[481] Address: yiMfIosgGxzjyLcQD8vtmaOJEGorAvXdLB875kiCeYQ
    AO Balance: 1323660175026522627
    Hyperbeam Balance: 0
    Difference: 1323660175026522627

[482] Address: ycp59W7ExKZ-lIUdcZbaU6pmF2lsm9mK7GQuT8Sy4zQ
    AO Balance: 7456977188308026240
    Hyperbeam Balance: 0
    Difference: 7456977188308026240

[483] Address: 1CeXcWwTk2SIQwi9CisMUPJxAaNLwmZ5WjRfekbUptI
    AO Balance: 22130379701809275189093
    Hyperbeam Balance: 0
    Difference: 22130379701809275189093

[484] Address: ppTtmmA2Tuodq6qchBO1YGEkeXKKJ8tbM3ubPsaa91A
    AO Balance: 248328523167927546124
    Hyperbeam Balance: 0
    Difference: 248328523167927546124

[485] Address: x6Ok4yhzK9exOs2pDbNgxf-H9io9vFnrMTKa41qZAPA
    AO Balance: 1162178074115322077551
    Hyperbeam Balance: 0
    Difference: 1162178074115322077551

[486] Address: YDkfCMN0yTOxrHzIBfG2ySTcJs7jK_jpHwoVhiJ56zY
    AO Balance: 22716464827599322763
    Hyperbeam Balance: 0
    Difference: 22716464827599322763

[487] Address: SqnX46ias8yU6hcoGJaLNOcumQtDA7YKiVG2kMUoL9w
    AO Balance: 154849999655407739672
    Hyperbeam Balance: 0
    Difference: 154849999655407739672

[488] Address: CRLj7EkQb1x_j0cUkFzkxPLzUx5juZ77KEuJ6FFUD6s
    AO Balance: 4243311679001455499114
    Hyperbeam Balance: 0
    Difference: 4243311679001455499114

[489] Address: Xu6TFLcWKdvXm-cbks0fkr0d3ongkB8Bn4WeREUkpu8
    AO Balance: 4783767995910560837954
    Hyperbeam Balance: 0
    Difference: 4783767995910560837954

[490] Address: wg3TWLDteAdltg0AUWkRWXkzPubCPg6n2oGCvKdZNXo
    AO Balance: 3874942529041744311
    Hyperbeam Balance: 0
    Difference: 3874942529041744311

[491] Address: T4-Cz3uvg8mD_bUsHNNxMbowsECdTtJ_OnFRvaftrYs
    AO Balance: 350500247991893768388619
    Hyperbeam Balance: 0
    Difference: 350500247991893768388619

[492] Address: yQzWZf1R7hssfK6cEC4f9EudIMQ23X8cAK-0obOuyYM
    AO Balance: 104811268472982228508
    Hyperbeam Balance: 0
    Difference: 104811268472982228508

[493] Address: yQ3Xw3xbPqKnwZt7kHLT7aHecugfLmkbNhRpkUeI2Ts
    AO Balance: 11553099761078058
    Hyperbeam Balance: 0
    Difference: 11553099761078058

[494] Address: aCyZw6-1BoUTXphbcqsnmLWxCSq-QnU1O4vgW4I95FY
    AO Balance: 1358563005204252730882
    Hyperbeam Balance: 0
    Difference: 1358563005204252730882

[495] Address: WvbhPqUUADehhuWLwaxXZLKsyagU8PolR6IpUE7NH4M
    AO Balance: 56919710376302284
    Hyperbeam Balance: 0
    Difference: 56919710376302284

[496] Address: TRlfXymOI-RN5be5OBSid5RbO5DRCKsP7IlW_jSQ6dM
    AO Balance: 3202841561187732487795
    Hyperbeam Balance: 0
    Difference: 3202841561187732487795

[497] Address: Z8egDO8rtgv7YfDnxn4w9jJLjy_9KcXCitgFPnxAfC0
    AO Balance: 4317047719154158751
    Hyperbeam Balance: 0
    Difference: 4317047719154158751

[498] Address: bKik9nr2MSDPtigX36Dt3LmRGE1Pytv09Ck1TaHgGO8
    AO Balance: 42507247210639571
    Hyperbeam Balance: 0
    Difference: 42507247210639571

[499] Address: vO0PwLaAMWsWg0n1le_ic6kjm5KvBVnn9hU6gPgfps0
    AO Balance: 11601042270570665
    Hyperbeam Balance: 0
    Difference: 11601042270570665

[500] Address: 4y4WfCev8NPycVBT-dMx8c6WpFIkbhc9KuKE0FXmllk
    AO Balance: 230071694038038244
    Hyperbeam Balance: 0
    Difference: 230071694038038244

[501] Address: G2F7ot9qatjGhZENRflGOiL0fkhkWl4AS4Q-Z7uIsRU
    AO Balance: 190560640266784164568
    Hyperbeam Balance: 0
    Difference: 190560640266784164568

[502] Address: kLFBKQ_f5nUxzCECSh0Lls-Ag8qh_lVKcXbVA1u0gpY
    AO Balance: 3255152816145832403225
    Hyperbeam Balance: 0
    Difference: 3255152816145832403225

[503] Address: AvA8bGwO0jwzZ5xuiGReKMindpWg_mGP-TDK8sAtvbA
    AO Balance: 772714810488728860
    Hyperbeam Balance: 0
    Difference: 772714810488728860

[504] Address: Ahaab8PU-vF5kUophPYsqrC2lqO2vShUEPUzXznNQxo
    AO Balance: 1127667202451397777324
    Hyperbeam Balance: 0
    Difference: 1127667202451397777324

[505] Address: j5mljMtV59WxxjXS95TamljcQnfGq00nhRT9oQDn0Sg
    AO Balance: 86346569184397172600682
    Hyperbeam Balance: 0
    Difference: 86346569184397172600682

[506] Address: N8BZ3TdWwE8k9jyEq3wDvD3t8YY-RhpVxGyehkqTWWc
    AO Balance: 3196026815203122968
    Hyperbeam Balance: 0
    Difference: 3196026815203122968

[507] Address: n-_uT31j9nvSOGBF59YE6rWnAGGeRHe8513_2kEaIT8
    AO Balance: 23199415062819605
    Hyperbeam Balance: 0
    Difference: 23199415062819605

[508] Address: YZNlWUoHxpCZDSbbVfcZW-4Eo70ns07w-rbtHz3DVhw
    AO Balance: 7255390269441607295463
    Hyperbeam Balance: 0
    Difference: 7255390269441607295463

[509] Address: 7oqF5rsBLc8MqWnrOHloVjixlbpfT7IdFqRQfyaNLOg
    AO Balance: 12965539767747488367
    Hyperbeam Balance: 0
    Difference: 12965539767747488367

[510] Address: EZAKfy1uJze0nIhDtKoFx3hGpscsUy9BcVwfRKfk170
    AO Balance: 465244135341410821
    Hyperbeam Balance: 0
    Difference: 465244135341410821

[511] Address: eSRbMNB_wkZiiVeu2Axw5OC9AnRV-zU-vj_WDPbX-JY
    AO Balance: 3430968601923504461
    Hyperbeam Balance: 0
    Difference: 3430968601923504461

[512] Address: QGqto27rM_RRJGdpuHCo6yb1QvBE_Pv4AIzTlaxMD1c
    AO Balance: 656693221065199888509
    Hyperbeam Balance: 0
    Difference: 656693221065199888509

[513] Address: dD8lEdhTu3ruVPBnzynLMzaXY179YIYz_QS9_LuMRXg
    AO Balance: 647501044981654206
    Hyperbeam Balance: 0
    Difference: 647501044981654206

[514] Address: gNtqBbe36vG6orxnItK4pENW4VB1wlTmGnVs0nQO_4k
    AO Balance: 1661144941576085662673
    Hyperbeam Balance: 0
    Difference: 1661144941576085662673

[515] Address: Mbaa6IJqG-PdCLgFsp5daS2e88siYSJLiIPu3c3hHhU
    AO Balance: 2386747566333357408226
    Hyperbeam Balance: 0
    Difference: 2386747566333357408226

[516] Address: rfzOkA_rc6KSAMRom1xgl8OcBCSgFyM_LRv7qSZZKP8
    AO Balance: 936871543703405465136
    Hyperbeam Balance: 0
    Difference: 936871543703405465136

[517] Address: PE_Ol2SmnLmnR_Tkvcp50r5WHUnmrYau-B5PM6jB53U
    AO Balance: 1012396892428730993233
    Hyperbeam Balance: 0
    Difference: 1012396892428730993233

[518] Address: l2m3aHVGlo35nAhc3Ea0J20No0MJ8tU9biwS8BGSrNs
    AO Balance: 1576768475892367471
    Hyperbeam Balance: 0
    Difference: 1576768475892367471

[519] Address: LBJNJBTQYNB-bQGxXpseHaQMdKDXvzutcyHznLBE2Hw
    AO Balance: 13997989024198618151253
    Hyperbeam Balance: 0
    Difference: 13997989024198618151253

[520] Address: TbqMiuJHrPMP1xq29py27kBGbwP3t_Umkejzw_l4z0Q
    AO Balance: 1515098320946902571
    Hyperbeam Balance: 0
    Difference: 1515098320946902571

[521] Address: h3LbDpAJR8Vfhma9AWzo4HmlcXZ4vFI8quJauRRsnrI
    AO Balance: 52722513991940871777
    Hyperbeam Balance: 0
    Difference: 52722513991940871777

[522] Address: 3bXzP7_1b76vR0OJoS-VP1CKlU4bAhlP9oaFHcLhlPQ
    AO Balance: 11552013510556493
    Hyperbeam Balance: 0
    Difference: 11552013510556493

════════════════════════════════════════════════════════════════════════════════

